Loading [1mrhel8/default-icl[22m
  [94mLoading requirement[0m: rhel8/slurm singularity/current rhel8/global cuda/11.4
    vgl/2.5.1/64 intel-oneapi-compilers/2022.1.0/gcc/b6zld2mz ucx/1.15.0
    intel-oneapi-mpi/2021.6.0/intel/guxuvcpm
── Attaching core tidyverse packages ──────────────────────── tidyverse 2.0.0 ──
✔ dplyr     1.1.4     ✔ readr     2.1.2
✔ forcats   0.5.1     ✔ stringr   1.5.1
✔ ggplot2   3.4.0     ✔ tibble    3.2.1
✔ lubridate 1.9.3     ✔ tidyr     1.2.1
✔ purrr     0.3.5     
── Conflicts ────────────────────────────────────────── tidyverse_conflicts() ──
✖ dplyr::filter() masks stats::filter()
✖ dplyr::lag()    masks stats::lag()
ℹ Use the ]8;;http://conflicted.r-lib.org/conflicted package]8;; to force all conflicts to become errors

Attaching package: ‘data.table’

The following objects are masked from ‘package:lubridate’:

    hour, isoweek, mday, minute, month, quarter, second, wday, week,
    yday, year

The following objects are masked from ‘package:dplyr’:

    between, first, last

The following object is masked from ‘package:purrr’:

    transpose


Attaching package: ‘MASS’

The following object is masked from ‘package:dplyr’:

    select


Attaching package: ‘foreach’

The following objects are masked from ‘package:purrr’:

    accumulate, when

Loading required package: iterators
Loading required package: parallel
Loading required package: rngtools
error calling combine function:
<simpleError in data.frame(..., check.names = FALSE): arguments imply differing number of rows: 5, 0>
Warning message:
In mclapply(argsList, FUN, mc.preschedule = preschedule, mc.set.seed = set.seed,  :
  scheduled cores 2, 4, 7, 12, 14, 15, 16, 17, 19, 25, 29, 30, 31, 32, 38, 39, 42, 43, 44, 49, 50, 52, 53, 54, 57, 58, 59, 60, 63, 64, 65, 66, 67 did not deliver results, all values of the jobs will be affected
Error in rowMeans(estimates_boot, na.rm = TRUE) : 
  'x' must be an array of at least two dimensions
Execution halted
slurmstepd: error: Detected 33 oom_kill events in StepId=4400835.batch. Some of the step tasks have been OOM Killed.
