Loading [1mrhel8/default-icl[22m
  [94mLoading requirement[0m: rhel8/slurm singularity/current rhel8/global cuda/11.4
    vgl/2.5.1/64 intel-oneapi-compilers/2022.1.0/gcc/b6zld2mz ucx/1.15.0
    intel-oneapi-mpi/2021.6.0/intel/guxuvcpm
── Attaching core tidyverse packages ──────────────────────── tidyverse 2.0.0 ──
✔ dplyr     1.1.4     ✔ readr     2.1.2
✔ forcats   0.5.1     ✔ stringr   1.5.1
✔ ggplot2   3.4.0     ✔ tibble    3.2.1
✔ lubridate 1.9.3     ✔ tidyr     1.2.1
✔ purrr     0.3.5     
── Conflicts ────────────────────────────────────────── tidyverse_conflicts() ──
✖ dplyr::filter() masks stats::filter()
✖ dplyr::lag()    masks stats::lag()
ℹ Use the ]8;;http://conflicted.r-lib.org/conflicted package]8;; to force all conflicts to become errors

Attaching package: ‘data.table’

The following objects are masked from ‘package:lubridate’:

    hour, isoweek, mday, minute, month, quarter, second, wday, week,
    yday, year

The following objects are masked from ‘package:dplyr’:

    between, first, last

The following object is masked from ‘package:purrr’:

    transpose


Attaching package: ‘MASS’

The following object is masked from ‘package:dplyr’:

    select

Loading required package: foreach

Attaching package: ‘foreach’

The following objects are masked from ‘package:purrr’:

    accumulate, when

Loading required package: iterators
Loading required package: parallel
Loading required package: rngtools
[1] 1
[1] "Bootstrap"
[1] "LEF outcome"
[1] "LEF both"
[1] "Sandwich"
[1] "All done"
[1] 2
[1] "Bootstrap"
[1] "LEF outcome"
[1] "LEF both"
[1] "Sandwich"
[1] "All done"
[1] 3
[1] "Bootstrap"
[1] "LEF outcome"
[1] "LEF both"
[1] "Sandwich"
[1] "All done"
[1] 4
[1] "Bootstrap"
[1] "LEF outcome"
[1] "LEF both"
[1] "Sandwich"
[1] "All done"
[1] 5
[1] "Bootstrap"
[1] "LEF outcome"
[1] "LEF both"
[1] "Sandwich"
[1] "All done"
[1] 6
[1] "Bootstrap"
[1] "LEF outcome"
[1] "LEF both"
[1] "Sandwich"
[1] "All done"
[1] 7
[1] "Bootstrap"
[1] "LEF outcome"
[1] "LEF both"
[1] "Sandwich"
[1] "All done"
[1] 8
[1] "Bootstrap"
[1] "LEF outcome"
[1] "LEF both"
[1] "Sandwich"
[1] "All done"
[1] 9
[1] "Bootstrap"
[1] "LEF outcome"
[1] "LEF both"
[1] "Sandwich"
[1] "All done"
[1] 10
[1] "Bootstrap"
[1] "LEF outcome"
[1] "LEF both"
[1] "Sandwich"
[1] "All done"
[1] 11
[1] "Bootstrap"
[1] "LEF outcome"
[1] "LEF both"
[1] "Sandwich"
[1] "All done"
[1] 12
[1] "Bootstrap"
[1] "LEF outcome"
[1] "LEF both"
[1] "Sandwich"
[1] "All done"
[1] 13
[1] "Bootstrap"
[1] "LEF outcome"
[1] "LEF both"
[1] "Sandwich"
[1] "All done"
[1] 14
[1] "Bootstrap"
[1] "LEF outcome"
[1] "LEF both"
[1] "Sandwich"
[1] "All done"
[1] 15
[1] "Bootstrap"
[1] "LEF outcome"
[1] "LEF both"
[1] "Sandwich"
[1] "All done"
[1] 16
[1] "Bootstrap"
[1] "LEF outcome"
[1] "LEF both"
[1] "Sandwich"
[1] "All done"
[1] 17
[1] "Bootstrap"
[1] "LEF outcome"
[1] "LEF both"
[1] "Sandwich"
[1] "All done"
[1] 18
[1] "Bootstrap"
[1] "LEF outcome"
[1] "LEF both"
[1] "Sandwich"
[1] "All done"
[1] 19
[1] "Bootstrap"
[1] "LEF outcome"
[1] "LEF both"
[1] "Sandwich"
[1] "All done"
[1] 20
[1] "Bootstrap"
[1] "LEF outcome"
[1] "LEF both"
[1] "Sandwich"
[1] "All done"
[1] 21
[1] "Bootstrap"
[1] "LEF outcome"
[1] "LEF both"
[1] "Sandwich"
[1] "All done"
[1] 22
[1] "Bootstrap"
[1] "LEF outcome"
[1] "LEF both"
[1] "Sandwich"
[1] "All done"
[1] 23
[1] "Bootstrap"
[1] "LEF outcome"
[1] "LEF both"
[1] "Sandwich"
[1] "All done"
[1] 24
[1] "Bootstrap"
[1] "LEF outcome"
[1] "LEF both"
[1] "Sandwich"
[1] "All done"
[1] 25
[1] "Bootstrap"
[1] "LEF outcome"
[1] "LEF both"
[1] "Sandwich"
[1] "All done"
[1] 26
[1] "Bootstrap"
[1] "LEF outcome"
[1] "LEF both"
[1] "Sandwich"
[1] "All done"
[1] 27
[1] "Bootstrap"
[1] "LEF outcome"
[1] "LEF both"
[1] "Sandwich"
[1] "All done"
[1] 28
[1] "Bootstrap"
[1] "LEF outcome"
[1] "LEF both"
[1] "Sandwich"
[1] "All done"
[1] 29
[1] "Bootstrap"
[1] "LEF outcome"
[1] "LEF both"
[1] "Sandwich"
[1] "All done"
[1] 30
[1] "Bootstrap"
[1] "LEF outcome"
[1] "LEF both"
[1] "Sandwich"
[1] "All done"
[1] 31
[1] "Bootstrap"
[1] "LEF outcome"
[1] "LEF both"
[1] "Sandwich"
[1] "All done"
[1] 32
[1] "Bootstrap"
[1] "LEF outcome"
[1] "LEF both"
[1] "Sandwich"
[1] "All done"
[1] 33
[1] "Bootstrap"
[1] "LEF outcome"
[1] "LEF both"
[1] "Sandwich"
[1] "All done"
[1] 34
[1] "Bootstrap"
[1] "LEF outcome"
[1] "LEF both"
[1] "Sandwich"
[1] "All done"
[1] 35
[1] "Bootstrap"
[1] "LEF outcome"
[1] "LEF both"
[1] "Sandwich"
[1] "All done"
[1] 36
[1] "Bootstrap"
[1] "LEF outcome"
[1] "LEF both"
[1] "Sandwich"
[1] "All done"
[1] 37
[1] "Bootstrap"
[1] "LEF outcome"
[1] "LEF both"
[1] "Sandwich"
[1] "All done"
[1] 38
[1] "Bootstrap"
[1] "LEF outcome"
[1] "LEF both"
[1] "Sandwich"
[1] "All done"
[1] 39
[1] "Bootstrap"
[1] "LEF outcome"
[1] "LEF both"
[1] "Sandwich"
[1] "All done"
[1] 40
[1] "Bootstrap"
[1] "LEF outcome"
[1] "LEF both"
[1] "Sandwich"
[1] "All done"
[1] 41
[1] "Bootstrap"
[1] "LEF outcome"
[1] "LEF both"
[1] "Sandwich"
[1] "All done"
[1] 42
[1] "Bootstrap"
[1] "LEF outcome"
[1] "LEF both"
[1] "Sandwich"
[1] "All done"
[1] 43
[1] "Bootstrap"
[1] "LEF outcome"
[1] "LEF both"
[1] "Sandwich"
[1] "All done"
[1] 44
[1] "Bootstrap"
[1] "LEF outcome"
[1] "LEF both"
[1] "Sandwich"
[1] "All done"
[1] 45
[1] "Bootstrap"
[1] "LEF outcome"
[1] "LEF both"
[1] "Sandwich"
[1] "All done"
[1] 46
[1] "Bootstrap"
[1] "LEF outcome"
[1] "LEF both"
[1] "Sandwich"
[1] "All done"
[1] 47
[1] "Bootstrap"
[1] "LEF outcome"
[1] "LEF both"
[1] "Sandwich"
[1] "All done"
[1] 48
[1] "Bootstrap"
[1] "LEF outcome"
[1] "LEF both"
[1] "Sandwich"
[1] "All done"
[1] 49
[1] "Bootstrap"
[1] "LEF outcome"
[1] "LEF both"
[1] "Sandwich"
[1] "All done"
[1] 50
[1] "Bootstrap"
[1] "LEF outcome"
[1] "LEF both"
[1] "Sandwich"
[1] "All done"
[1] 51
[1] "Bootstrap"
[1] "LEF outcome"
[1] "LEF both"
[1] "Sandwich"
[1] "All done"
[1] 52
[1] "Bootstrap"
[1] "LEF outcome"
[1] "LEF both"
[1] "Sandwich"
[1] "All done"
[1] 53
[1] "Bootstrap"
[1] "LEF outcome"
[1] "LEF both"
[1] "Sandwich"
[1] "All done"
[1] 54
[1] "Bootstrap"
[1] "LEF outcome"
[1] "LEF both"
[1] "Sandwich"
[1] "All done"
[1] 55
[1] "Bootstrap"
[1] "LEF outcome"
[1] "LEF both"
[1] "Sandwich"
[1] "All done"
[1] 56
[1] "Bootstrap"
[1] "LEF outcome"
[1] "LEF both"
[1] "Sandwich"
[1] "All done"
[1] 57
[1] "Bootstrap"
[1] "LEF outcome"
[1] "LEF both"
[1] "Sandwich"
[1] "All done"
[1] 58
[1] "Bootstrap"
[1] "LEF outcome"
[1] "LEF both"
[1] "Sandwich"
[1] "All done"
[1] 59
[1] "Bootstrap"
[1] "LEF outcome"
[1] "LEF both"
[1] "Sandwich"
[1] "All done"
[1] 60
[1] "Bootstrap"
[1] "LEF outcome"
[1] "LEF both"
[1] "Sandwich"
[1] "All done"
[1] 61
[1] "Bootstrap"
[1] "LEF outcome"
[1] "LEF both"
[1] "Sandwich"
[1] "All done"
[1] 62
[1] "Bootstrap"
[1] "LEF outcome"
[1] "LEF both"
[1] "Sandwich"
[1] "All done"
[1] 63
[1] "Bootstrap"
[1] "LEF outcome"
[1] "LEF both"
[1] "Sandwich"
[1] "All done"
[1] 64
[1] "Bootstrap"
[1] "LEF outcome"
[1] "LEF both"
[1] "Sandwich"
[1] "All done"
[1] 65
[1] "Bootstrap"
[1] "LEF outcome"
[1] "LEF both"
[1] "Sandwich"
[1] "All done"
[1] 66
[1] "Bootstrap"
[1] "LEF outcome"
[1] "LEF both"
[1] "Sandwich"
[1] "All done"
[1] 67
[1] "Bootstrap"
[1] "LEF outcome"
[1] "LEF both"
[1] "Sandwich"
[1] "All done"
[1] 68
[1] "Bootstrap"
[1] "LEF outcome"
[1] "LEF both"
[1] "Sandwich"
[1] "All done"
[1] 69
[1] "Bootstrap"
[1] "LEF outcome"
[1] "LEF both"
[1] "Sandwich"
[1] "All done"
[1] 70
[1] "Bootstrap"
[1] "LEF outcome"
[1] "LEF both"
[1] "Sandwich"
[1] "All done"
[1] 71
[1] "Bootstrap"
[1] "LEF outcome"
[1] "LEF both"
[1] "Sandwich"
[1] "All done"
[1] 72
[1] "Bootstrap"
[1] "LEF outcome"
[1] "LEF both"
[1] "Sandwich"
[1] "All done"
[1] 73
[1] "Bootstrap"
[1] "LEF outcome"
[1] "LEF both"
[1] "Sandwich"
[1] "All done"
[1] 74
[1] "Bootstrap"
[1] "LEF outcome"
[1] "LEF both"
[1] "Sandwich"
[1] "All done"
[1] 75
[1] "Bootstrap"
[1] "LEF outcome"
[1] "LEF both"
[1] "Sandwich"
[1] "All done"
[1] 76
[1] "Bootstrap"
[1] "LEF outcome"
[1] "LEF both"
[1] "Sandwich"
[1] "All done"
[1] 77
[1] "Bootstrap"
[1] "LEF outcome"
[1] "LEF both"
[1] "Sandwich"
[1] "All done"
[1] 78
[1] "Bootstrap"
[1] "LEF outcome"
[1] "LEF both"
[1] "Sandwich"
[1] "All done"
[1] 79
[1] "Bootstrap"
[1] "LEF outcome"
[1] "LEF both"
[1] "Sandwich"
[1] "All done"
[1] 80
[1] "Bootstrap"
[1] "LEF outcome"
[1] "LEF both"
[1] "Sandwich"
[1] "All done"
[1] 81
[1] "Bootstrap"
[1] "LEF outcome"
[1] "LEF both"
[1] "Sandwich"
[1] "All done"
[1] 82
[1] "Bootstrap"
[1] "LEF outcome"
[1] "LEF both"
[1] "Sandwich"
[1] "All done"
[1] 83
[1] "Bootstrap"
[1] "LEF outcome"
[1] "LEF both"
[1] "Sandwich"
[1] "All done"
[1] 84
[1] "Bootstrap"
[1] "LEF outcome"
[1] "LEF both"
[1] "Sandwich"
[1] "All done"
[1] 85
[1] "Bootstrap"
[1] "LEF outcome"
[1] "LEF both"
[1] "Sandwich"
[1] "All done"
[1] 86
[1] "Bootstrap"
[1] "LEF outcome"
[1] "LEF both"
[1] "Sandwich"
[1] "All done"
[1] 87
[1] "Bootstrap"
[1] "LEF outcome"
[1] "LEF both"
[1] "Sandwich"
[1] "All done"
[1] 88
[1] "Bootstrap"
[1] "LEF outcome"
[1] "LEF both"
[1] "Sandwich"
[1] "All done"
[1] 89
[1] "Bootstrap"
[1] "LEF outcome"
[1] "LEF both"
[1] "Sandwich"
[1] "All done"
[1] 90
[1] "Bootstrap"
[1] "LEF outcome"
[1] "LEF both"
[1] "Sandwich"
[1] "All done"
[1] 91
[1] "Bootstrap"
[1] "LEF outcome"
[1] "LEF both"
[1] "Sandwich"
[1] "All done"
[1] 92
[1] "Bootstrap"
[1] "LEF outcome"
[1] "LEF both"
[1] "Sandwich"
[1] "All done"
[1] 93
[1] "Bootstrap"
[1] "LEF outcome"
[1] "LEF both"
[1] "Sandwich"
[1] "All done"
[1] 94
[1] "Bootstrap"
[1] "LEF outcome"
[1] "LEF both"
[1] "Sandwich"
[1] "All done"
[1] 95
[1] "Bootstrap"
[1] "LEF outcome"
[1] "LEF both"
[1] "Sandwich"
[1] "All done"
[1] 96
[1] "Bootstrap"
[1] "LEF outcome"
[1] "LEF both"
[1] "Sandwich"
[1] "All done"
[1] 97
[1] "Bootstrap"
[1] "LEF outcome"
[1] "LEF both"
[1] "Sandwich"
[1] "All done"
[1] 98
[1] "Bootstrap"
[1] "LEF outcome"
[1] "LEF both"
[1] "Sandwich"
[1] "All done"
[1] 99
[1] "Bootstrap"
[1] "LEF outcome"
[1] "LEF both"
[1] "Sandwich"
[1] "All done"
[1] 100
[1] "Bootstrap"
[1] "LEF outcome"
[1] "LEF both"
[1] "Sandwich"
[1] "All done"
[1] 101
[1] "Bootstrap"
[1] "LEF outcome"
[1] "LEF both"
[1] "Sandwich"
[1] "All done"
[1] 102
[1] "Bootstrap"
[1] "LEF outcome"
[1] "LEF both"
[1] "Sandwich"
[1] "All done"
[1] 103
[1] "Bootstrap"
[1] "LEF outcome"
[1] "LEF both"
[1] "Sandwich"
[1] "All done"
[1] 104
[1] "Bootstrap"
[1] "LEF outcome"
[1] "LEF both"
[1] "Sandwich"
[1] "All done"
[1] 105
[1] "Bootstrap"
[1] "LEF outcome"
[1] "LEF both"
[1] "Sandwich"
[1] "All done"
[1] 106
[1] "Bootstrap"
[1] "LEF outcome"
[1] "LEF both"
[1] "Sandwich"
[1] "All done"
[1] 107
[1] "Bootstrap"
[1] "LEF outcome"
[1] "LEF both"
[1] "Sandwich"
[1] "All done"
[1] 108
[1] "Bootstrap"
[1] "LEF outcome"
[1] "LEF both"
[1] "Sandwich"
[1] "All done"
[1] 109
[1] "Bootstrap"
[1] "LEF outcome"
[1] "LEF both"
[1] "Sandwich"
[1] "All done"
[1] 110
[1] "Bootstrap"
[1] "LEF outcome"
[1] "LEF both"
[1] "Sandwich"
[1] "All done"
[1] 111
[1] "Bootstrap"
[1] "LEF outcome"
[1] "LEF both"
[1] "Sandwich"
[1] "All done"
[1] 112
[1] "Bootstrap"
[1] "LEF outcome"
[1] "LEF both"
[1] "Sandwich"
[1] "All done"
[1] 113
[1] "Bootstrap"
[1] "LEF outcome"
[1] "LEF both"
[1] "Sandwich"
[1] "All done"
[1] 114
[1] "Bootstrap"
[1] "LEF outcome"
[1] "LEF both"
[1] "Sandwich"
[1] "All done"
[1] 115
[1] "Bootstrap"
[1] "LEF outcome"
[1] "LEF both"
[1] "Sandwich"
[1] "All done"
[1] 116
[1] "Bootstrap"
[1] "LEF outcome"
[1] "LEF both"
[1] "Sandwich"
[1] "All done"
[1] 117
[1] "Bootstrap"
[1] "LEF outcome"
[1] "LEF both"
[1] "Sandwich"
[1] "All done"
[1] 118
[1] "Bootstrap"
[1] "LEF outcome"
[1] "LEF both"
[1] "Sandwich"
[1] "All done"
[1] 119
[1] "Bootstrap"
[1] "LEF outcome"
[1] "LEF both"
[1] "Sandwich"
[1] "All done"
[1] 120
[1] "Bootstrap"
[1] "LEF outcome"
[1] "LEF both"
[1] "Sandwich"
[1] "All done"
[1] 121
[1] "Bootstrap"
[1] "LEF outcome"
[1] "LEF both"
[1] "Sandwich"
[1] "All done"
[1] 122
[1] "Bootstrap"
[1] "LEF outcome"
[1] "LEF both"
[1] "Sandwich"
[1] "All done"
[1] 123
[1] "Bootstrap"
[1] "LEF outcome"
[1] "LEF both"
[1] "Sandwich"
[1] "All done"
[1] 124
[1] "Bootstrap"
[1] "LEF outcome"
[1] "LEF both"
[1] "Sandwich"
[1] "All done"
[1] 125
[1] "Bootstrap"
[1] "LEF outcome"
[1] "LEF both"
[1] "Sandwich"
[1] "All done"
[1] 126
[1] "Bootstrap"
[1] "LEF outcome"
[1] "LEF both"
[1] "Sandwich"
[1] "All done"
[1] 127
[1] "Bootstrap"
[1] "LEF outcome"
[1] "LEF both"
[1] "Sandwich"
[1] "All done"
[1] 128
[1] "Bootstrap"
[1] "LEF outcome"
[1] "LEF both"
[1] "Sandwich"
[1] "All done"
[1] 129
[1] "Bootstrap"
[1] "LEF outcome"
[1] "LEF both"
[1] "Sandwich"
[1] "All done"
[1] 130
[1] "Bootstrap"
[1] "LEF outcome"
[1] "LEF both"
[1] "Sandwich"
[1] "All done"
[1] 131
[1] "Bootstrap"
[1] "LEF outcome"
[1] "LEF both"
[1] "Sandwich"
[1] "All done"
[1] 132
[1] "Bootstrap"
[1] "LEF outcome"
[1] "LEF both"
[1] "Sandwich"
[1] "All done"
[1] 133
[1] "Bootstrap"
[1] "LEF outcome"
[1] "LEF both"
[1] "Sandwich"
[1] "All done"
[1] 134
[1] "Bootstrap"
[1] "LEF outcome"
[1] "LEF both"
[1] "Sandwich"
[1] "All done"
[1] 135
[1] "Bootstrap"
[1] "LEF outcome"
[1] "LEF both"
[1] "Sandwich"
[1] "All done"
[1] 136
[1] "Bootstrap"
[1] "LEF outcome"
[1] "LEF both"
[1] "Sandwich"
[1] "All done"
[1] 137
[1] "Bootstrap"
[1] "LEF outcome"
[1] "LEF both"
[1] "Sandwich"
[1] "All done"
[1] 138
[1] "Bootstrap"
[1] "LEF outcome"
[1] "LEF both"
[1] "Sandwich"
[1] "All done"
[1] 139
[1] "Bootstrap"
[1] "LEF outcome"
[1] "LEF both"
[1] "Sandwich"
[1] "All done"
[1] 140
[1] "Bootstrap"
[1] "LEF outcome"
[1] "LEF both"
[1] "Sandwich"
[1] "All done"
[1] 141
[1] "Bootstrap"
[1] "LEF outcome"
[1] "LEF both"
[1] "Sandwich"
[1] "All done"
[1] 142
[1] "Bootstrap"
[1] "LEF outcome"
[1] "LEF both"
[1] "Sandwich"
[1] "All done"
[1] 143
[1] "Bootstrap"
[1] "LEF outcome"
[1] "LEF both"
[1] "Sandwich"
[1] "All done"
[1] 144
[1] "Bootstrap"
[1] "LEF outcome"
[1] "LEF both"
[1] "Sandwich"
[1] "All done"
[1] 145
[1] "Bootstrap"
[1] "LEF outcome"
[1] "LEF both"
[1] "Sandwich"
[1] "All done"
[1] 146
[1] "Bootstrap"
[1] "LEF outcome"
[1] "LEF both"
[1] "Sandwich"
[1] "All done"
[1] 147
[1] "Bootstrap"
[1] "LEF outcome"
[1] "LEF both"
[1] "Sandwich"
[1] "All done"
[1] 148
[1] "Bootstrap"
[1] "LEF outcome"
[1] "LEF both"
[1] "Sandwich"
[1] "All done"
[1] 149
[1] "Bootstrap"
[1] "LEF outcome"
[1] "LEF both"
[1] "Sandwich"
[1] "All done"
[1] 150
[1] "Bootstrap"
[1] "LEF outcome"
[1] "LEF both"
[1] "Sandwich"
[1] "All done"
[1] 151
[1] "Bootstrap"
[1] "LEF outcome"
[1] "LEF both"
[1] "Sandwich"
[1] "All done"
[1] 152
[1] "Bootstrap"
[1] "LEF outcome"
[1] "LEF both"
[1] "Sandwich"
[1] "All done"
[1] 153
[1] "Bootstrap"
[1] "LEF outcome"
[1] "LEF both"
[1] "Sandwich"
[1] "All done"
[1] 154
[1] "Bootstrap"
[1] "LEF outcome"
[1] "LEF both"
[1] "Sandwich"
[1] "All done"
[1] 155
[1] "Bootstrap"
[1] "LEF outcome"
[1] "LEF both"
[1] "Sandwich"
[1] "All done"
[1] 156
[1] "Bootstrap"
[1] "LEF outcome"
[1] "LEF both"
[1] "Sandwich"
[1] "All done"
[1] 157
[1] "Bootstrap"
[1] "LEF outcome"
[1] "LEF both"
[1] "Sandwich"
[1] "All done"
[1] 158
[1] "Bootstrap"
[1] "LEF outcome"
[1] "LEF both"
[1] "Sandwich"
[1] "All done"
[1] 159
[1] "Bootstrap"
[1] "LEF outcome"
[1] "LEF both"
[1] "Sandwich"
[1] "All done"
[1] 160
[1] "Bootstrap"
[1] "LEF outcome"
[1] "LEF both"
[1] "Sandwich"
[1] "All done"
[1] 161
[1] "Bootstrap"
[1] "LEF outcome"
[1] "LEF both"
[1] "Sandwich"
[1] "All done"
[1] 162
[1] "Bootstrap"
[1] "LEF outcome"
[1] "LEF both"
[1] "Sandwich"
[1] "All done"
[1] 163
[1] "Bootstrap"
[1] "LEF outcome"
[1] "LEF both"
[1] "Sandwich"
[1] "All done"
[1] 164
[1] "Bootstrap"
[1] "LEF outcome"
[1] "LEF both"
[1] "Sandwich"
[1] "All done"
[1] 165
[1] "Bootstrap"
[1] "LEF outcome"
[1] "LEF both"
[1] "Sandwich"
[1] "All done"
[1] 166
[1] "Bootstrap"
[1] "LEF outcome"
[1] "LEF both"
[1] "Sandwich"
[1] "All done"
[1] 167
[1] "Bootstrap"
[1] "LEF outcome"
[1] "LEF both"
[1] "Sandwich"
[1] "All done"
[1] 168
[1] "Bootstrap"
[1] "LEF outcome"
[1] "LEF both"
[1] "Sandwich"
[1] "All done"
[1] 169
[1] "Bootstrap"
[1] "LEF outcome"
[1] "LEF both"
[1] "Sandwich"
[1] "All done"
[1] 170
[1] "Bootstrap"
[1] "LEF outcome"
[1] "LEF both"
[1] "Sandwich"
[1] "All done"
[1] 171
[1] "Bootstrap"
[1] "LEF outcome"
[1] "LEF both"
[1] "Sandwich"
[1] "All done"
[1] 172
[1] "Bootstrap"
[1] "LEF outcome"
[1] "LEF both"
[1] "Sandwich"
[1] "All done"
[1] 173
[1] "Bootstrap"
[1] "LEF outcome"
[1] "LEF both"
[1] "Sandwich"
[1] "All done"
[1] 174
[1] "Bootstrap"
[1] "LEF outcome"
[1] "LEF both"
[1] "Sandwich"
[1] "All done"
[1] 175
[1] "Bootstrap"
[1] "LEF outcome"
[1] "LEF both"
[1] "Sandwich"
[1] "All done"
[1] 176
[1] "Bootstrap"
[1] "LEF outcome"
[1] "LEF both"
[1] "Sandwich"
[1] "All done"
[1] 177
[1] "Bootstrap"
[1] "LEF outcome"
[1] "LEF both"
[1] "Sandwich"
[1] "All done"
[1] 178
[1] "Bootstrap"
[1] "LEF outcome"
[1] "LEF both"
[1] "Sandwich"
[1] "All done"
[1] 179
[1] "Bootstrap"
[1] "LEF outcome"
[1] "LEF both"
[1] "Sandwich"
[1] "All done"
[1] 180
[1] "Bootstrap"
[1] "LEF outcome"
[1] "LEF both"
[1] "Sandwich"
[1] "All done"
[1] 181
[1] "Bootstrap"
[1] "LEF outcome"
[1] "LEF both"
[1] "Sandwich"
[1] "All done"
[1] 182
[1] "Bootstrap"
[1] "LEF outcome"
[1] "LEF both"
[1] "Sandwich"
[1] "All done"
[1] 183
[1] "Bootstrap"
[1] "LEF outcome"
[1] "LEF both"
[1] "Sandwich"
[1] "All done"
[1] 184
[1] "Bootstrap"
[1] "LEF outcome"
[1] "LEF both"
[1] "Sandwich"
[1] "All done"
[1] 185
[1] "Bootstrap"
[1] "LEF outcome"
[1] "LEF both"
[1] "Sandwich"
[1] "All done"
[1] 186
[1] "Bootstrap"
[1] "LEF outcome"
[1] "LEF both"
[1] "Sandwich"
[1] "All done"
[1] 187
[1] "Bootstrap"
[1] "LEF outcome"
[1] "LEF both"
[1] "Sandwich"
[1] "All done"
[1] 188
[1] "Bootstrap"
[1] "LEF outcome"
[1] "LEF both"
[1] "Sandwich"
[1] "All done"
[1] 189
[1] "Bootstrap"
[1] "LEF outcome"
[1] "LEF both"
[1] "Sandwich"
[1] "All done"
[1] 190
[1] "Bootstrap"
[1] "LEF outcome"
[1] "LEF both"
[1] "Sandwich"
[1] "All done"
[1] 191
[1] "Bootstrap"
[1] "LEF outcome"
[1] "LEF both"
[1] "Sandwich"
[1] "All done"
[1] 192
[1] "Bootstrap"
[1] "LEF outcome"
[1] "LEF both"
[1] "Sandwich"
[1] "All done"
[1] 193
[1] "Bootstrap"
[1] "LEF outcome"
[1] "LEF both"
[1] "Sandwich"
[1] "All done"
[1] 194
[1] "Bootstrap"
[1] "LEF outcome"
[1] "LEF both"
[1] "Sandwich"
[1] "All done"
[1] 195
[1] "Bootstrap"
[1] "LEF outcome"
[1] "LEF both"
[1] "Sandwich"
[1] "All done"
[1] 196
[1] "Bootstrap"
[1] "LEF outcome"
[1] "LEF both"
[1] "Sandwich"
[1] "All done"
[1] 197
[1] "Bootstrap"
[1] "LEF outcome"
[1] "LEF both"
[1] "Sandwich"
[1] "All done"
[1] 198
[1] "Bootstrap"
[1] "LEF outcome"
[1] "LEF both"
[1] "Sandwich"
[1] "All done"
[1] 199
[1] "Bootstrap"
[1] "LEF outcome"
[1] "LEF both"
[1] "Sandwich"
[1] "All done"
[1] 200
[1] "Bootstrap"
[1] "LEF outcome"
[1] "LEF both"
[1] "Sandwich"
[1] "All done"
[1] 201
[1] "Bootstrap"
[1] "LEF outcome"
[1] "LEF both"
[1] "Sandwich"
[1] "All done"
[1] 202
[1] "Bootstrap"
[1] "LEF outcome"
[1] "LEF both"
[1] "Sandwich"
[1] "All done"
[1] 203
[1] "Bootstrap"
[1] "LEF outcome"
[1] "LEF both"
[1] "Sandwich"
[1] "All done"
[1] 204
[1] "Bootstrap"
[1] "LEF outcome"
[1] "LEF both"
[1] "Sandwich"
[1] "All done"
[1] 205
[1] "Bootstrap"
[1] "LEF outcome"
[1] "LEF both"
[1] "Sandwich"
[1] "All done"
[1] 206
[1] "Bootstrap"
[1] "LEF outcome"
[1] "LEF both"
[1] "Sandwich"
[1] "All done"
[1] 207
[1] "Bootstrap"
[1] "LEF outcome"
[1] "LEF both"
[1] "Sandwich"
[1] "All done"
[1] 208
[1] "Bootstrap"
[1] "LEF outcome"
[1] "LEF both"
[1] "Sandwich"
[1] "All done"
[1] 209
[1] "Bootstrap"
[1] "LEF outcome"
[1] "LEF both"
[1] "Sandwich"
[1] "All done"
[1] 210
[1] "Bootstrap"
[1] "LEF outcome"
[1] "LEF both"
[1] "Sandwich"
[1] "All done"
[1] 211
[1] "Bootstrap"
[1] "LEF outcome"
[1] "LEF both"
[1] "Sandwich"
[1] "All done"
[1] 212
[1] "Bootstrap"
[1] "LEF outcome"
[1] "LEF both"
[1] "Sandwich"
[1] "All done"
[1] 213
[1] "Bootstrap"
[1] "LEF outcome"
[1] "LEF both"
[1] "Sandwich"
[1] "All done"
[1] 214
[1] "Bootstrap"
[1] "LEF outcome"
[1] "LEF both"
[1] "Sandwich"
[1] "All done"
[1] 215
[1] "Bootstrap"
[1] "LEF outcome"
[1] "LEF both"
[1] "Sandwich"
[1] "All done"
[1] 216
[1] "Bootstrap"
[1] "LEF outcome"
[1] "LEF both"
[1] "Sandwich"
[1] "All done"
[1] 217
[1] "Bootstrap"
[1] "LEF outcome"
[1] "LEF both"
[1] "Sandwich"
[1] "All done"
[1] 218
[1] "Bootstrap"
[1] "LEF outcome"
[1] "LEF both"
[1] "Sandwich"
[1] "All done"
[1] 219
[1] "Bootstrap"
[1] "LEF outcome"
[1] "LEF both"
[1] "Sandwich"
[1] "All done"
[1] 220
[1] "Bootstrap"
[1] "LEF outcome"
[1] "LEF both"
[1] "Sandwich"
[1] "All done"
[1] 221
[1] "Bootstrap"
[1] "LEF outcome"
[1] "LEF both"
[1] "Sandwich"
[1] "All done"
[1] 222
[1] "Bootstrap"
[1] "LEF outcome"
[1] "LEF both"
[1] "Sandwich"
[1] "All done"
[1] 223
[1] "Bootstrap"
[1] "LEF outcome"
[1] "LEF both"
[1] "Sandwich"
[1] "All done"
[1] 224
[1] "Bootstrap"
[1] "LEF outcome"
[1] "LEF both"
[1] "Sandwich"
[1] "All done"
[1] 225
[1] "Bootstrap"
[1] "LEF outcome"
[1] "LEF both"
[1] "Sandwich"
[1] "All done"
[1] 226
[1] "Bootstrap"
[1] "LEF outcome"
[1] "LEF both"
[1] "Sandwich"
[1] "All done"
[1] 227
[1] "Bootstrap"
[1] "LEF outcome"
[1] "LEF both"
[1] "Sandwich"
[1] "All done"
[1] 228
[1] "Bootstrap"
[1] "LEF outcome"
[1] "LEF both"
[1] "Sandwich"
[1] "All done"
[1] 229
[1] "Bootstrap"
[1] "LEF outcome"
[1] "LEF both"
[1] "Sandwich"
[1] "All done"
[1] 230
[1] "Bootstrap"
[1] "LEF outcome"
[1] "LEF both"
[1] "Sandwich"
[1] "All done"
[1] 231
[1] "Bootstrap"
[1] "LEF outcome"
[1] "LEF both"
[1] "Sandwich"
[1] "All done"
[1] 232
[1] "Bootstrap"
[1] "LEF outcome"
[1] "LEF both"
[1] "Sandwich"
[1] "All done"
[1] 233
[1] "Bootstrap"
[1] "LEF outcome"
[1] "LEF both"
[1] "Sandwich"
[1] "All done"
[1] 234
[1] "Bootstrap"
[1] "LEF outcome"
[1] "LEF both"
[1] "Sandwich"
[1] "All done"
[1] 235
[1] "Bootstrap"
[1] "LEF outcome"
[1] "LEF both"
[1] "Sandwich"
[1] "All done"
[1] 236
[1] "Bootstrap"
[1] "LEF outcome"
[1] "LEF both"
[1] "Sandwich"
[1] "All done"
[1] 237
[1] "Bootstrap"
[1] "LEF outcome"
[1] "LEF both"
[1] "Sandwich"
[1] "All done"
[1] 238
[1] "Bootstrap"
[1] "LEF outcome"
[1] "LEF both"
[1] "Sandwich"
[1] "All done"
[1] 239
[1] "Bootstrap"
[1] "LEF outcome"
[1] "LEF both"
[1] "Sandwich"
[1] "All done"
[1] 240
[1] "Bootstrap"
[1] "LEF outcome"
[1] "LEF both"
[1] "Sandwich"
[1] "All done"
[1] 241
[1] "Bootstrap"
[1] "LEF outcome"
[1] "LEF both"
[1] "Sandwich"
[1] "All done"
[1] 242
[1] "Bootstrap"
[1] "LEF outcome"
[1] "LEF both"
[1] "Sandwich"
[1] "All done"
[1] 243
[1] "Bootstrap"
[1] "LEF outcome"
[1] "LEF both"
[1] "Sandwich"
[1] "All done"
[1] 244
[1] "Bootstrap"
[1] "LEF outcome"
[1] "LEF both"
[1] "Sandwich"
[1] "All done"
[1] 245
[1] "Bootstrap"
[1] "LEF outcome"
[1] "LEF both"
[1] "Sandwich"
[1] "All done"
[1] 246
[1] "Bootstrap"
[1] "LEF outcome"
[1] "LEF both"
[1] "Sandwich"
[1] "All done"
[1] 247
[1] "Bootstrap"
[1] "LEF outcome"
[1] "LEF both"
[1] "Sandwich"
[1] "All done"
[1] 248
[1] "Bootstrap"
[1] "LEF outcome"
[1] "LEF both"
[1] "Sandwich"
[1] "All done"
[1] 249
[1] "Bootstrap"
[1] "LEF outcome"
[1] "LEF both"
[1] "Sandwich"
[1] "All done"
[1] 250
[1] "Bootstrap"
[1] "LEF outcome"
[1] "LEF both"
[1] "Sandwich"
[1] "All done"
[1] 251
[1] "Bootstrap"
[1] "LEF outcome"
[1] "LEF both"
[1] "Sandwich"
[1] "All done"
[1] 252
[1] "Bootstrap"
[1] "LEF outcome"
[1] "LEF both"
[1] "Sandwich"
[1] "All done"
[1] 253
[1] "Bootstrap"
[1] "LEF outcome"
[1] "LEF both"
[1] "Sandwich"
[1] "All done"
[1] 254
[1] "Bootstrap"
[1] "LEF outcome"
[1] "LEF both"
[1] "Sandwich"
[1] "All done"
[1] 255
[1] "Bootstrap"
[1] "LEF outcome"
[1] "LEF both"
[1] "Sandwich"
[1] "All done"
[1] 256
[1] "Bootstrap"
[1] "LEF outcome"
[1] "LEF both"
[1] "Sandwich"
[1] "All done"
[1] 257
[1] "Bootstrap"
[1] "LEF outcome"
[1] "LEF both"
[1] "Sandwich"
[1] "All done"
[1] 258
[1] "Bootstrap"
[1] "LEF outcome"
[1] "LEF both"
[1] "Sandwich"
[1] "All done"
[1] 259
[1] "Bootstrap"
[1] "LEF outcome"
[1] "LEF both"
[1] "Sandwich"
[1] "All done"
[1] 260
[1] "Bootstrap"
[1] "LEF outcome"
[1] "LEF both"
[1] "Sandwich"
[1] "All done"
[1] 261
[1] "Bootstrap"
[1] "LEF outcome"
[1] "LEF both"
[1] "Sandwich"
[1] "All done"
[1] 262
[1] "Bootstrap"
[1] "LEF outcome"
[1] "LEF both"
[1] "Sandwich"
[1] "All done"
[1] 263
[1] "Bootstrap"
[1] "LEF outcome"
[1] "LEF both"
[1] "Sandwich"
[1] "All done"
[1] 264
[1] "Bootstrap"
[1] "LEF outcome"
[1] "LEF both"
[1] "Sandwich"
[1] "All done"
[1] 265
[1] "Bootstrap"
[1] "LEF outcome"
[1] "LEF both"
[1] "Sandwich"
[1] "All done"
[1] 266
[1] "Bootstrap"
[1] "LEF outcome"
[1] "LEF both"
[1] "Sandwich"
[1] "All done"
[1] 267
[1] "Bootstrap"
[1] "LEF outcome"
[1] "LEF both"
[1] "Sandwich"
[1] "All done"
[1] 268
[1] "Bootstrap"
[1] "LEF outcome"
[1] "LEF both"
[1] "Sandwich"
[1] "All done"
[1] 269
[1] "Bootstrap"
[1] "LEF outcome"
[1] "LEF both"
[1] "Sandwich"
[1] "All done"
[1] 270
[1] "Bootstrap"
[1] "LEF outcome"
[1] "LEF both"
[1] "Sandwich"
[1] "All done"
[1] 271
[1] "Bootstrap"
[1] "LEF outcome"
[1] "LEF both"
[1] "Sandwich"
[1] "All done"
[1] 272
[1] "Bootstrap"
[1] "LEF outcome"
[1] "LEF both"
[1] "Sandwich"
[1] "All done"
[1] 273
[1] "Bootstrap"
[1] "LEF outcome"
[1] "LEF both"
[1] "Sandwich"
[1] "All done"
[1] 274
[1] "Bootstrap"
[1] "LEF outcome"
[1] "LEF both"
[1] "Sandwich"
[1] "All done"
[1] 275
[1] "Bootstrap"
[1] "LEF outcome"
[1] "LEF both"
[1] "Sandwich"
[1] "All done"
[1] 276
[1] "Bootstrap"
[1] "LEF outcome"
[1] "LEF both"
[1] "Sandwich"
[1] "All done"
[1] 277
[1] "Bootstrap"
[1] "LEF outcome"
[1] "LEF both"
[1] "Sandwich"
[1] "All done"
[1] 278
[1] "Bootstrap"
[1] "LEF outcome"
[1] "LEF both"
[1] "Sandwich"
[1] "All done"
[1] 279
[1] "Bootstrap"
[1] "LEF outcome"
[1] "LEF both"
[1] "Sandwich"
[1] "All done"
[1] 280
[1] "Bootstrap"
[1] "LEF outcome"
[1] "LEF both"
[1] "Sandwich"
[1] "All done"
[1] 281
[1] "Bootstrap"
[1] "LEF outcome"
[1] "LEF both"
[1] "Sandwich"
[1] "All done"
[1] 282
[1] "Bootstrap"
[1] "LEF outcome"
[1] "LEF both"
[1] "Sandwich"
[1] "All done"
[1] 283
[1] "Bootstrap"
[1] "LEF outcome"
[1] "LEF both"
[1] "Sandwich"
[1] "All done"
[1] 284
[1] "Bootstrap"
[1] "LEF outcome"
[1] "LEF both"
[1] "Sandwich"
[1] "All done"
[1] 285
[1] "Bootstrap"
[1] "LEF outcome"
[1] "LEF both"
[1] "Sandwich"
[1] "All done"
[1] 286
[1] "Bootstrap"
[1] "LEF outcome"
[1] "LEF both"
[1] "Sandwich"
[1] "All done"
[1] 287
[1] "Bootstrap"
[1] "LEF outcome"
[1] "LEF both"
[1] "Sandwich"
[1] "All done"
[1] 288
[1] "Bootstrap"
[1] "LEF outcome"
[1] "LEF both"
[1] "Sandwich"
[1] "All done"
[1] 289
[1] "Bootstrap"
[1] "LEF outcome"
[1] "LEF both"
[1] "Sandwich"
[1] "All done"
[1] 290
[1] "Bootstrap"
[1] "LEF outcome"
[1] "LEF both"
[1] "Sandwich"
[1] "All done"
[1] 291
[1] "Bootstrap"
[1] "LEF outcome"
[1] "LEF both"
[1] "Sandwich"
[1] "All done"
[1] 292
[1] "Bootstrap"
[1] "LEF outcome"
[1] "LEF both"
[1] "Sandwich"
[1] "All done"
[1] 293
[1] "Bootstrap"
[1] "LEF outcome"
[1] "LEF both"
[1] "Sandwich"
[1] "All done"
[1] 294
[1] "Bootstrap"
[1] "LEF outcome"
[1] "LEF both"
[1] "Sandwich"
[1] "All done"
[1] 295
[1] "Bootstrap"
[1] "LEF outcome"
[1] "LEF both"
[1] "Sandwich"
[1] "All done"
[1] 296
[1] "Bootstrap"
[1] "LEF outcome"
[1] "LEF both"
[1] "Sandwich"
[1] "All done"
[1] 297
[1] "Bootstrap"
[1] "LEF outcome"
[1] "LEF both"
[1] "Sandwich"
[1] "All done"
[1] 298
[1] "Bootstrap"
[1] "LEF outcome"
[1] "LEF both"
[1] "Sandwich"
[1] "All done"
[1] 299
[1] "Bootstrap"
[1] "LEF outcome"
[1] "LEF both"
[1] "Sandwich"
[1] "All done"
[1] 300
[1] "Bootstrap"
[1] "LEF outcome"
[1] "LEF both"
[1] "Sandwich"
[1] "All done"
[1] 301
[1] "Bootstrap"
[1] "LEF outcome"
[1] "LEF both"
[1] "Sandwich"
[1] "All done"
[1] 302
[1] "Bootstrap"
[1] "LEF outcome"
[1] "LEF both"
[1] "Sandwich"
[1] "All done"
[1] 303
[1] "Bootstrap"
[1] "LEF outcome"
[1] "LEF both"
[1] "Sandwich"
[1] "All done"
[1] 304
[1] "Bootstrap"
[1] "LEF outcome"
[1] "LEF both"
[1] "Sandwich"
[1] "All done"
[1] 305
[1] "Bootstrap"
[1] "LEF outcome"
[1] "LEF both"
[1] "Sandwich"
[1] "All done"
[1] 306
[1] "Bootstrap"
[1] "LEF outcome"
[1] "LEF both"
[1] "Sandwich"
[1] "All done"
[1] 307
[1] "Bootstrap"
[1] "LEF outcome"
[1] "LEF both"
[1] "Sandwich"
[1] "All done"
[1] 308
[1] "Bootstrap"
[1] "LEF outcome"
[1] "LEF both"
[1] "Sandwich"
[1] "All done"
[1] 309
[1] "Bootstrap"
[1] "LEF outcome"
[1] "LEF both"
[1] "Sandwich"
[1] "All done"
[1] 310
[1] "Bootstrap"
[1] "LEF outcome"
[1] "LEF both"
[1] "Sandwich"
[1] "All done"
[1] 311
[1] "Bootstrap"
[1] "LEF outcome"
[1] "LEF both"
[1] "Sandwich"
[1] "All done"
[1] 312
[1] "Bootstrap"
[1] "LEF outcome"
[1] "LEF both"
[1] "Sandwich"
[1] "All done"
[1] 313
[1] "Bootstrap"
[1] "LEF outcome"
[1] "LEF both"
[1] "Sandwich"
[1] "All done"
[1] 314
[1] "Bootstrap"
[1] "LEF outcome"
[1] "LEF both"
[1] "Sandwich"
[1] "All done"
[1] 315
[1] "Bootstrap"
[1] "LEF outcome"
[1] "LEF both"
[1] "Sandwich"
[1] "All done"
[1] 316
[1] "Bootstrap"
[1] "LEF outcome"
[1] "LEF both"
[1] "Sandwich"
[1] "All done"
[1] 317
[1] "Bootstrap"
[1] "LEF outcome"
[1] "LEF both"
[1] "Sandwich"
[1] "All done"
[1] 318
[1] "Bootstrap"
[1] "LEF outcome"
[1] "LEF both"
[1] "Sandwich"
[1] "All done"
[1] 319
[1] "Bootstrap"
[1] "LEF outcome"
[1] "LEF both"
[1] "Sandwich"
[1] "All done"
[1] 320
[1] "Bootstrap"
[1] "LEF outcome"
[1] "LEF both"
[1] "Sandwich"
[1] "All done"
[1] 321
[1] "Bootstrap"
[1] "LEF outcome"
[1] "LEF both"
[1] "Sandwich"
[1] "All done"
[1] 322
[1] "Bootstrap"
[1] "LEF outcome"
[1] "LEF both"
[1] "Sandwich"
[1] "All done"
[1] 323
[1] "Bootstrap"
[1] "LEF outcome"
[1] "LEF both"
[1] "Sandwich"
[1] "All done"
[1] 324
[1] "Bootstrap"
[1] "LEF outcome"
[1] "LEF both"
[1] "Sandwich"
[1] "All done"
[1] 325
[1] "Bootstrap"
[1] "LEF outcome"
[1] "LEF both"
[1] "Sandwich"
[1] "All done"
[1] 326
[1] "Bootstrap"
[1] "LEF outcome"
[1] "LEF both"
[1] "Sandwich"
[1] "All done"
[1] 327
[1] "Bootstrap"
[1] "LEF outcome"
[1] "LEF both"
[1] "Sandwich"
[1] "All done"
[1] 328
[1] "Bootstrap"
[1] "LEF outcome"
[1] "LEF both"
[1] "Sandwich"
[1] "All done"
[1] 329
[1] "Bootstrap"
[1] "LEF outcome"
[1] "LEF both"
[1] "Sandwich"
[1] "All done"
[1] 330
[1] "Bootstrap"
[1] "LEF outcome"
[1] "LEF both"
[1] "Sandwich"
[1] "All done"
[1] 331
[1] "Bootstrap"
[1] "LEF outcome"
[1] "LEF both"
[1] "Sandwich"
[1] "All done"
[1] 332
[1] "Bootstrap"
[1] "LEF outcome"
[1] "LEF both"
[1] "Sandwich"
[1] "All done"
[1] 333
[1] "Bootstrap"
[1] "LEF outcome"
[1] "LEF both"
[1] "Sandwich"
[1] "All done"
[1] 334
[1] "Bootstrap"
[1] "LEF outcome"
[1] "LEF both"
[1] "Sandwich"
[1] "All done"
[1] 335
[1] "Bootstrap"
[1] "LEF outcome"
[1] "LEF both"
[1] "Sandwich"
[1] "All done"
[1] 336
[1] "Bootstrap"
[1] "LEF outcome"
[1] "LEF both"
[1] "Sandwich"
[1] "All done"
[1] 337
[1] "Bootstrap"
[1] "LEF outcome"
[1] "LEF both"
[1] "Sandwich"
[1] "All done"
[1] 338
[1] "Bootstrap"
[1] "LEF outcome"
[1] "LEF both"
[1] "Sandwich"
[1] "All done"
[1] 339
[1] "Bootstrap"
[1] "LEF outcome"
[1] "LEF both"
[1] "Sandwich"
[1] "All done"
[1] 340
[1] "Bootstrap"
[1] "LEF outcome"
[1] "LEF both"
[1] "Sandwich"
[1] "All done"
[1] 341
[1] "Bootstrap"
[1] "LEF outcome"
[1] "LEF both"
[1] "Sandwich"
[1] "All done"
[1] 342
[1] "Bootstrap"
[1] "LEF outcome"
[1] "LEF both"
[1] "Sandwich"
[1] "All done"
[1] 343
[1] "Bootstrap"
[1] "LEF outcome"
[1] "LEF both"
[1] "Sandwich"
[1] "All done"
[1] 344
[1] "Bootstrap"
[1] "LEF outcome"
[1] "LEF both"
[1] "Sandwich"
[1] "All done"
[1] 345
[1] "Bootstrap"
[1] "LEF outcome"
[1] "LEF both"
[1] "Sandwich"
[1] "All done"
[1] 346
[1] "Bootstrap"
[1] "LEF outcome"
[1] "LEF both"
[1] "Sandwich"
[1] "All done"
[1] 347
[1] "Bootstrap"
[1] "LEF outcome"
[1] "LEF both"
[1] "Sandwich"
[1] "All done"
[1] 348
[1] "Bootstrap"
[1] "LEF outcome"
[1] "LEF both"
[1] "Sandwich"
[1] "All done"
[1] 349
[1] "Bootstrap"
[1] "LEF outcome"
[1] "LEF both"
[1] "Sandwich"
[1] "All done"
[1] 350
[1] "Bootstrap"
[1] "LEF outcome"
[1] "LEF both"
[1] "Sandwich"
[1] "All done"
[1] 351
[1] "Bootstrap"
[1] "LEF outcome"
[1] "LEF both"
[1] "Sandwich"
[1] "All done"
[1] 352
[1] "Bootstrap"
[1] "LEF outcome"
[1] "LEF both"
[1] "Sandwich"
[1] "All done"
[1] 353
[1] "Bootstrap"
[1] "LEF outcome"
[1] "LEF both"
[1] "Sandwich"
[1] "All done"
[1] 354
[1] "Bootstrap"
[1] "LEF outcome"
[1] "LEF both"
[1] "Sandwich"
[1] "All done"
[1] 355
[1] "Bootstrap"
[1] "LEF outcome"
[1] "LEF both"
[1] "Sandwich"
[1] "All done"
[1] 356
[1] "Bootstrap"
[1] "LEF outcome"
[1] "LEF both"
[1] "Sandwich"
[1] "All done"
[1] 357
[1] "Bootstrap"
[1] "LEF outcome"
[1] "LEF both"
[1] "Sandwich"
[1] "All done"
[1] 358
[1] "Bootstrap"
[1] "LEF outcome"
[1] "LEF both"
[1] "Sandwich"
[1] "All done"
[1] 359
[1] "Bootstrap"
[1] "LEF outcome"
[1] "LEF both"
[1] "Sandwich"
[1] "All done"
[1] 360
[1] "Bootstrap"
[1] "LEF outcome"
[1] "LEF both"
[1] "Sandwich"
[1] "All done"
[1] 361
[1] "Bootstrap"
[1] "LEF outcome"
[1] "LEF both"
[1] "Sandwich"
[1] "All done"
[1] 362
[1] "Bootstrap"
[1] "LEF outcome"
[1] "LEF both"
[1] "Sandwich"
[1] "All done"
[1] 363
[1] "Bootstrap"
[1] "LEF outcome"
[1] "LEF both"
[1] "Sandwich"
[1] "All done"
[1] 364
[1] "Bootstrap"
[1] "LEF outcome"
[1] "LEF both"
[1] "Sandwich"
[1] "All done"
[1] 365
[1] "Bootstrap"
[1] "LEF outcome"
[1] "LEF both"
[1] "Sandwich"
[1] "All done"
[1] 366
[1] "Bootstrap"
[1] "LEF outcome"
[1] "LEF both"
[1] "Sandwich"
[1] "All done"
[1] 367
[1] "Bootstrap"
[1] "LEF outcome"
[1] "LEF both"
[1] "Sandwich"
[1] "All done"
[1] 368
[1] "Bootstrap"
[1] "LEF outcome"
[1] "LEF both"
[1] "Sandwich"
[1] "All done"
[1] 369
[1] "Bootstrap"
[1] "LEF outcome"
[1] "LEF both"
[1] "Sandwich"
[1] "All done"
[1] 370
[1] "Bootstrap"
[1] "LEF outcome"
[1] "LEF both"
[1] "Sandwich"
[1] "All done"
[1] 371
[1] "Bootstrap"
[1] "LEF outcome"
[1] "LEF both"
[1] "Sandwich"
[1] "All done"
[1] 372
[1] "Bootstrap"
[1] "LEF outcome"
[1] "LEF both"
[1] "Sandwich"
[1] "All done"
[1] 373
[1] "Bootstrap"
[1] "LEF outcome"
[1] "LEF both"
[1] "Sandwich"
[1] "All done"
[1] 374
[1] "Bootstrap"
[1] "LEF outcome"
[1] "LEF both"
[1] "Sandwich"
[1] "All done"
[1] 375
[1] "Bootstrap"
[1] "LEF outcome"
[1] "LEF both"
[1] "Sandwich"
[1] "All done"
[1] 376
[1] "Bootstrap"
[1] "LEF outcome"
[1] "LEF both"
[1] "Sandwich"
[1] "All done"
[1] 377
[1] "Bootstrap"
[1] "LEF outcome"
[1] "LEF both"
[1] "Sandwich"
[1] "All done"
[1] 378
[1] "Bootstrap"
[1] "LEF outcome"
[1] "LEF both"
[1] "Sandwich"
[1] "All done"
[1] 379
[1] "Bootstrap"
[1] "LEF outcome"
[1] "LEF both"
[1] "Sandwich"
[1] "All done"
[1] 380
[1] "Bootstrap"
[1] "LEF outcome"
[1] "LEF both"
[1] "Sandwich"
[1] "All done"
[1] 381
[1] "Bootstrap"
[1] "LEF outcome"
[1] "LEF both"
[1] "Sandwich"
[1] "All done"
[1] 382
[1] "Bootstrap"
[1] "LEF outcome"
[1] "LEF both"
[1] "Sandwich"
[1] "All done"
[1] 383
[1] "Bootstrap"
[1] "LEF outcome"
[1] "LEF both"
[1] "Sandwich"
[1] "All done"
[1] 384
[1] "Bootstrap"
[1] "LEF outcome"
[1] "LEF both"
[1] "Sandwich"
[1] "All done"
[1] 385
[1] "Bootstrap"
[1] "LEF outcome"
[1] "LEF both"
[1] "Sandwich"
[1] "All done"
[1] 386
[1] "Bootstrap"
[1] "LEF outcome"
[1] "LEF both"
[1] "Sandwich"
[1] "All done"
[1] 387
[1] "Bootstrap"
[1] "LEF outcome"
[1] "LEF both"
[1] "Sandwich"
[1] "All done"
[1] 388
[1] "Bootstrap"
[1] "LEF outcome"
[1] "LEF both"
[1] "Sandwich"
[1] "All done"
[1] 389
[1] "Bootstrap"
[1] "LEF outcome"
[1] "LEF both"
[1] "Sandwich"
[1] "All done"
[1] 390
[1] "Bootstrap"
[1] "LEF outcome"
[1] "LEF both"
[1] "Sandwich"
[1] "All done"
[1] 391
[1] "Bootstrap"
[1] "LEF outcome"
[1] "LEF both"
[1] "Sandwich"
[1] "All done"
[1] 392
[1] "Bootstrap"
[1] "LEF outcome"
[1] "LEF both"
[1] "Sandwich"
[1] "All done"
[1] 393
[1] "Bootstrap"
[1] "LEF outcome"
[1] "LEF both"
[1] "Sandwich"
[1] "All done"
[1] 394
[1] "Bootstrap"
[1] "LEF outcome"
[1] "LEF both"
[1] "Sandwich"
[1] "All done"
[1] 395
[1] "Bootstrap"
[1] "LEF outcome"
[1] "LEF both"
[1] "Sandwich"
[1] "All done"
[1] 396
[1] "Bootstrap"
[1] "LEF outcome"
[1] "LEF both"
[1] "Sandwich"
[1] "All done"
[1] 397
[1] "Bootstrap"
[1] "LEF outcome"
[1] "LEF both"
[1] "Sandwich"
[1] "All done"
[1] 398
[1] "Bootstrap"
[1] "LEF outcome"
[1] "LEF both"
[1] "Sandwich"
[1] "All done"
[1] 399
[1] "Bootstrap"
[1] "LEF outcome"
[1] "LEF both"
[1] "Sandwich"
[1] "All done"
[1] 400
[1] "Bootstrap"
[1] "LEF outcome"
[1] "LEF both"
[1] "Sandwich"
[1] "All done"
[1] 401
[1] "Bootstrap"
[1] "LEF outcome"
[1] "LEF both"
[1] "Sandwich"
[1] "All done"
[1] 402
[1] "Bootstrap"
[1] "LEF outcome"
[1] "LEF both"
[1] "Sandwich"
[1] "All done"
[1] 403
[1] "Bootstrap"
[1] "LEF outcome"
[1] "LEF both"
[1] "Sandwich"
[1] "All done"
[1] 404
[1] "Bootstrap"
[1] "LEF outcome"
[1] "LEF both"
[1] "Sandwich"
[1] "All done"
[1] 405
[1] "Bootstrap"
[1] "LEF outcome"
[1] "LEF both"
[1] "Sandwich"
[1] "All done"
[1] 406
[1] "Bootstrap"
[1] "LEF outcome"
[1] "LEF both"
[1] "Sandwich"
[1] "All done"
[1] 407
[1] "Bootstrap"
[1] "LEF outcome"
[1] "LEF both"
[1] "Sandwich"
[1] "All done"
[1] 408
[1] "Bootstrap"
[1] "LEF outcome"
[1] "LEF both"
[1] "Sandwich"
[1] "All done"
[1] 409
[1] "Bootstrap"
[1] "LEF outcome"
[1] "LEF both"
[1] "Sandwich"
[1] "All done"
[1] 410
[1] "Bootstrap"
[1] "LEF outcome"
[1] "LEF both"
[1] "Sandwich"
[1] "All done"
[1] 411
[1] "Bootstrap"
[1] "LEF outcome"
[1] "LEF both"
[1] "Sandwich"
[1] "All done"
[1] 412
[1] "Bootstrap"
[1] "LEF outcome"
[1] "LEF both"
[1] "Sandwich"
[1] "All done"
[1] 413
[1] "Bootstrap"
[1] "LEF outcome"
[1] "LEF both"
[1] "Sandwich"
[1] "All done"
[1] 414
[1] "Bootstrap"
[1] "LEF outcome"
[1] "LEF both"
[1] "Sandwich"
[1] "All done"
[1] 415
[1] "Bootstrap"
[1] "LEF outcome"
[1] "LEF both"
[1] "Sandwich"
[1] "All done"
[1] 416
[1] "Bootstrap"
[1] "LEF outcome"
[1] "LEF both"
[1] "Sandwich"
[1] "All done"
[1] 417
[1] "Bootstrap"
[1] "LEF outcome"
[1] "LEF both"
[1] "Sandwich"
[1] "All done"
[1] 418
[1] "Bootstrap"
[1] "LEF outcome"
[1] "LEF both"
[1] "Sandwich"
[1] "All done"
[1] 419
[1] "Bootstrap"
[1] "LEF outcome"
[1] "LEF both"
[1] "Sandwich"
[1] "All done"
[1] 420
[1] "Bootstrap"
[1] "LEF outcome"
[1] "LEF both"
[1] "Sandwich"
[1] "All done"
[1] 421
[1] "Bootstrap"
[1] "LEF outcome"
[1] "LEF both"
[1] "Sandwich"
[1] "All done"
[1] 422
[1] "Bootstrap"
[1] "LEF outcome"
[1] "LEF both"
[1] "Sandwich"
[1] "All done"
[1] 423
[1] "Bootstrap"
[1] "LEF outcome"
[1] "LEF both"
[1] "Sandwich"
[1] "All done"
[1] 424
[1] "Bootstrap"
[1] "LEF outcome"
[1] "LEF both"
[1] "Sandwich"
[1] "All done"
[1] 425
[1] "Bootstrap"
[1] "LEF outcome"
[1] "LEF both"
[1] "Sandwich"
[1] "All done"
[1] 426
[1] "Bootstrap"
[1] "LEF outcome"
[1] "LEF both"
[1] "Sandwich"
[1] "All done"
[1] 427
[1] "Bootstrap"
[1] "LEF outcome"
[1] "LEF both"
[1] "Sandwich"
[1] "All done"
[1] 428
[1] "Bootstrap"
[1] "LEF outcome"
[1] "LEF both"
[1] "Sandwich"
[1] "All done"
[1] 429
[1] "Bootstrap"
[1] "LEF outcome"
[1] "LEF both"
[1] "Sandwich"
[1] "All done"
[1] 430
[1] "Bootstrap"
[1] "LEF outcome"
[1] "LEF both"
[1] "Sandwich"
[1] "All done"
[1] 431
[1] "Bootstrap"
[1] "LEF outcome"
[1] "LEF both"
[1] "Sandwich"
[1] "All done"
[1] 432
[1] "Bootstrap"
[1] "LEF outcome"
[1] "LEF both"
[1] "Sandwich"
[1] "All done"
[1] 433
[1] "Bootstrap"
[1] "LEF outcome"
[1] "LEF both"
[1] "Sandwich"
[1] "All done"
[1] 434
[1] "Bootstrap"
[1] "LEF outcome"
[1] "LEF both"
[1] "Sandwich"
[1] "All done"
[1] 435
[1] "Bootstrap"
[1] "LEF outcome"
[1] "LEF both"
[1] "Sandwich"
[1] "All done"
[1] 436
[1] "Bootstrap"
[1] "LEF outcome"
[1] "LEF both"
[1] "Sandwich"
[1] "All done"
[1] 437
[1] "Bootstrap"
[1] "LEF outcome"
[1] "LEF both"
[1] "Sandwich"
[1] "All done"
[1] 438
[1] "Bootstrap"
[1] "LEF outcome"
[1] "LEF both"
[1] "Sandwich"
[1] "All done"
[1] 439
[1] "Bootstrap"
[1] "LEF outcome"
[1] "LEF both"
[1] "Sandwich"
[1] "All done"
[1] 440
[1] "Bootstrap"
[1] "LEF outcome"
[1] "LEF both"
[1] "Sandwich"
[1] "All done"
[1] 441
[1] "Bootstrap"
[1] "LEF outcome"
[1] "LEF both"
[1] "Sandwich"
[1] "All done"
[1] 442
[1] "Bootstrap"
[1] "LEF outcome"
[1] "LEF both"
[1] "Sandwich"
[1] "All done"
[1] 443
[1] "Bootstrap"
[1] "LEF outcome"
[1] "LEF both"
[1] "Sandwich"
[1] "All done"
[1] 444
[1] "Bootstrap"
[1] "LEF outcome"
[1] "LEF both"
[1] "Sandwich"
[1] "All done"
[1] 445
[1] "Bootstrap"
[1] "LEF outcome"
[1] "LEF both"
[1] "Sandwich"
[1] "All done"
[1] 446
[1] "Bootstrap"
[1] "LEF outcome"
[1] "LEF both"
[1] "Sandwich"
[1] "All done"
[1] 447
[1] "Bootstrap"
[1] "LEF outcome"
[1] "LEF both"
[1] "Sandwich"
[1] "All done"
[1] 448
[1] "Bootstrap"
[1] "LEF outcome"
[1] "LEF both"
[1] "Sandwich"
[1] "All done"
[1] 449
[1] "Bootstrap"
[1] "LEF outcome"
[1] "LEF both"
[1] "Sandwich"
[1] "All done"
[1] 450
[1] "Bootstrap"
[1] "LEF outcome"
[1] "LEF both"
[1] "Sandwich"
[1] "All done"
[1] 451
[1] "Bootstrap"
[1] "LEF outcome"
[1] "LEF both"
[1] "Sandwich"
[1] "All done"
[1] 452
[1] "Bootstrap"
[1] "LEF outcome"
[1] "LEF both"
[1] "Sandwich"
[1] "All done"
[1] 453
[1] "Bootstrap"
[1] "LEF outcome"
[1] "LEF both"
[1] "Sandwich"
[1] "All done"
[1] 454
[1] "Bootstrap"
[1] "LEF outcome"
[1] "LEF both"
[1] "Sandwich"
[1] "All done"
[1] 455
[1] "Bootstrap"
[1] "LEF outcome"
[1] "LEF both"
[1] "Sandwich"
[1] "All done"
[1] 456
[1] "Bootstrap"
[1] "LEF outcome"
[1] "LEF both"
[1] "Sandwich"
[1] "All done"
[1] 457
[1] "Bootstrap"
[1] "LEF outcome"
[1] "LEF both"
[1] "Sandwich"
[1] "All done"
[1] 458
[1] "Bootstrap"
[1] "LEF outcome"
[1] "LEF both"
[1] "Sandwich"
[1] "All done"
[1] 459
[1] "Bootstrap"
[1] "LEF outcome"
[1] "LEF both"
[1] "Sandwich"
[1] "All done"
[1] 460
[1] "Bootstrap"
[1] "LEF outcome"
[1] "LEF both"
[1] "Sandwich"
[1] "All done"
[1] 461
[1] "Bootstrap"
[1] "LEF outcome"
[1] "LEF both"
[1] "Sandwich"
[1] "All done"
[1] 462
[1] "Bootstrap"
[1] "LEF outcome"
[1] "LEF both"
[1] "Sandwich"
[1] "All done"
[1] 463
[1] "Bootstrap"
[1] "LEF outcome"
[1] "LEF both"
[1] "Sandwich"
[1] "All done"
[1] 464
[1] "Bootstrap"
[1] "LEF outcome"
[1] "LEF both"
[1] "Sandwich"
[1] "All done"
[1] 465
[1] "Bootstrap"
[1] "LEF outcome"
[1] "LEF both"
[1] "Sandwich"
[1] "All done"
[1] 466
[1] "Bootstrap"
[1] "LEF outcome"
[1] "LEF both"
[1] "Sandwich"
[1] "All done"
[1] 467
[1] "Bootstrap"
[1] "LEF outcome"
[1] "LEF both"
[1] "Sandwich"
[1] "All done"
[1] 468
[1] "Bootstrap"
[1] "LEF outcome"
[1] "LEF both"
[1] "Sandwich"
[1] "All done"
[1] 469
[1] "Bootstrap"
[1] "LEF outcome"
[1] "LEF both"
[1] "Sandwich"
[1] "All done"
[1] 470
[1] "Bootstrap"
[1] "LEF outcome"
[1] "LEF both"
[1] "Sandwich"
[1] "All done"
[1] 471
[1] "Bootstrap"
[1] "LEF outcome"
[1] "LEF both"
[1] "Sandwich"
[1] "All done"
[1] 472
[1] "Bootstrap"
[1] "LEF outcome"
[1] "LEF both"
[1] "Sandwich"
[1] "All done"
[1] 473
[1] "Bootstrap"
[1] "LEF outcome"
[1] "LEF both"
[1] "Sandwich"
[1] "All done"
[1] 474
[1] "Bootstrap"
[1] "LEF outcome"
[1] "LEF both"
[1] "Sandwich"
[1] "All done"
[1] 475
[1] "Bootstrap"
[1] "LEF outcome"
[1] "LEF both"
[1] "Sandwich"
[1] "All done"
[1] 476
[1] "Bootstrap"
[1] "LEF outcome"
[1] "LEF both"
[1] "Sandwich"
[1] "All done"
[1] 477
[1] "Bootstrap"
[1] "LEF outcome"
[1] "LEF both"
[1] "Sandwich"
[1] "All done"
[1] 478
[1] "Bootstrap"
[1] "LEF outcome"
[1] "LEF both"
[1] "Sandwich"
[1] "All done"
[1] 479
[1] "Bootstrap"
[1] "LEF outcome"
[1] "LEF both"
[1] "Sandwich"
[1] "All done"
[1] 480
[1] "Bootstrap"
[1] "LEF outcome"
[1] "LEF both"
[1] "Sandwich"
[1] "All done"
[1] 481
[1] "Bootstrap"
[1] "LEF outcome"
[1] "LEF both"
[1] "Sandwich"
[1] "All done"
[1] 482
[1] "Bootstrap"
[1] "LEF outcome"
[1] "LEF both"
[1] "Sandwich"
[1] "All done"
[1] 483
[1] "Bootstrap"
[1] "LEF outcome"
[1] "LEF both"
[1] "Sandwich"
[1] "All done"
[1] 484
[1] "Bootstrap"
[1] "LEF outcome"
[1] "LEF both"
[1] "Sandwich"
[1] "All done"
[1] 485
[1] "Bootstrap"
[1] "LEF outcome"
[1] "LEF both"
[1] "Sandwich"
[1] "All done"
[1] 486
[1] "Bootstrap"
[1] "LEF outcome"
[1] "LEF both"
[1] "Sandwich"
[1] "All done"
[1] 487
[1] "Bootstrap"
[1] "LEF outcome"
[1] "LEF both"
[1] "Sandwich"
[1] "All done"
[1] 488
[1] "Bootstrap"
[1] "LEF outcome"
[1] "LEF both"
[1] "Sandwich"
[1] "All done"
[1] 489
[1] "Bootstrap"
[1] "LEF outcome"
[1] "LEF both"
[1] "Sandwich"
[1] "All done"
[1] 490
[1] "Bootstrap"
[1] "LEF outcome"
[1] "LEF both"
[1] "Sandwich"
[1] "All done"
[1] 491
[1] "Bootstrap"
[1] "LEF outcome"
[1] "LEF both"
[1] "Sandwich"
[1] "All done"
[1] 492
[1] "Bootstrap"
[1] "LEF outcome"
[1] "LEF both"
[1] "Sandwich"
[1] "All done"
[1] 493
[1] "Bootstrap"
[1] "LEF outcome"
[1] "LEF both"
[1] "Sandwich"
[1] "All done"
[1] 494
[1] "Bootstrap"
[1] "LEF outcome"
[1] "LEF both"
[1] "Sandwich"
[1] "All done"
[1] 495
[1] "Bootstrap"
[1] "LEF outcome"
[1] "LEF both"
[1] "Sandwich"
[1] "All done"
[1] 496
[1] "Bootstrap"
[1] "LEF outcome"
[1] "LEF both"
[1] "Sandwich"
[1] "All done"
[1] 497
[1] "Bootstrap"
[1] "LEF outcome"
[1] "LEF both"
[1] "Sandwich"
[1] "All done"
[1] 498
[1] "Bootstrap"
[1] "LEF outcome"
[1] "LEF both"
[1] "Sandwich"
[1] "All done"
[1] 499
[1] "Bootstrap"
[1] "LEF outcome"
[1] "LEF both"
[1] "Sandwich"
[1] "All done"
[1] 500
[1] "Bootstrap"
[1] "LEF outcome"
[1] "LEF both"
[1] "Sandwich"
[1] "All done"
[1] 501
[1] "Bootstrap"
[1] "LEF outcome"
[1] "LEF both"
[1] "Sandwich"
[1] "All done"
[1] 502
[1] "Bootstrap"
[1] "LEF outcome"
[1] "LEF both"
[1] "Sandwich"
[1] "All done"
[1] 503
[1] "Bootstrap"
[1] "LEF outcome"
[1] "LEF both"
[1] "Sandwich"
[1] "All done"
[1] 504
[1] "Bootstrap"
[1] "LEF outcome"
[1] "LEF both"
[1] "Sandwich"
[1] "All done"
[1] 505
[1] "Bootstrap"
[1] "LEF outcome"
[1] "LEF both"
[1] "Sandwich"
[1] "All done"
[1] 506
[1] "Bootstrap"
[1] "LEF outcome"
[1] "LEF both"
[1] "Sandwich"
[1] "All done"
[1] 507
[1] "Bootstrap"
[1] "LEF outcome"
[1] "LEF both"
[1] "Sandwich"
[1] "All done"
[1] 508
[1] "Bootstrap"
[1] "LEF outcome"
[1] "LEF both"
[1] "Sandwich"
[1] "All done"
[1] 509
[1] "Bootstrap"
[1] "LEF outcome"
[1] "LEF both"
[1] "Sandwich"
[1] "All done"
[1] 510
[1] "Bootstrap"
[1] "LEF outcome"
[1] "LEF both"
[1] "Sandwich"
[1] "All done"
[1] 511
[1] "Bootstrap"
[1] "LEF outcome"
[1] "LEF both"
[1] "Sandwich"
[1] "All done"
[1] 512
[1] "Bootstrap"
[1] "LEF outcome"
[1] "LEF both"
[1] "Sandwich"
[1] "All done"
[1] 513
[1] "Bootstrap"
[1] "LEF outcome"
[1] "LEF both"
[1] "Sandwich"
[1] "All done"
[1] 514
[1] "Bootstrap"
[1] "LEF outcome"
[1] "LEF both"
[1] "Sandwich"
[1] "All done"
[1] 515
[1] "Bootstrap"
[1] "LEF outcome"
[1] "LEF both"
[1] "Sandwich"
[1] "All done"
[1] 516
[1] "Bootstrap"
[1] "LEF outcome"
[1] "LEF both"
[1] "Sandwich"
[1] "All done"
[1] 517
[1] "Bootstrap"
[1] "LEF outcome"
[1] "LEF both"
[1] "Sandwich"
[1] "All done"
[1] 518
[1] "Bootstrap"
[1] "LEF outcome"
[1] "LEF both"
[1] "Sandwich"
[1] "All done"
[1] 519
[1] "Bootstrap"
[1] "LEF outcome"
[1] "LEF both"
[1] "Sandwich"
[1] "All done"
[1] 520
[1] "Bootstrap"
[1] "LEF outcome"
[1] "LEF both"
[1] "Sandwich"
[1] "All done"
[1] 521
[1] "Bootstrap"
[1] "LEF outcome"
[1] "LEF both"
[1] "Sandwich"
[1] "All done"
[1] 522
[1] "Bootstrap"
[1] "LEF outcome"
[1] "LEF both"
[1] "Sandwich"
[1] "All done"
[1] 523
[1] "Bootstrap"
[1] "LEF outcome"
[1] "LEF both"
[1] "Sandwich"
[1] "All done"
[1] 524
[1] "Bootstrap"
[1] "LEF outcome"
[1] "LEF both"
[1] "Sandwich"
[1] "All done"
[1] 525
[1] "Bootstrap"
[1] "LEF outcome"
[1] "LEF both"
[1] "Sandwich"
[1] "All done"
[1] 526
[1] "Bootstrap"
[1] "LEF outcome"
[1] "LEF both"
[1] "Sandwich"
[1] "All done"
[1] 527
[1] "Bootstrap"
[1] "LEF outcome"
[1] "LEF both"
[1] "Sandwich"
[1] "All done"
[1] 528
[1] "Bootstrap"
[1] "LEF outcome"
[1] "LEF both"
[1] "Sandwich"
[1] "All done"
[1] 529
[1] "Bootstrap"
[1] "LEF outcome"
[1] "LEF both"
[1] "Sandwich"
[1] "All done"
[1] 530
[1] "Bootstrap"
[1] "LEF outcome"
[1] "LEF both"
[1] "Sandwich"
[1] "All done"
[1] 531
[1] "Bootstrap"
[1] "LEF outcome"
[1] "LEF both"
[1] "Sandwich"
[1] "All done"
[1] 532
[1] "Bootstrap"
[1] "LEF outcome"
[1] "LEF both"
[1] "Sandwich"
[1] "All done"
[1] 533
[1] "Bootstrap"
[1] "LEF outcome"
[1] "LEF both"
[1] "Sandwich"
[1] "All done"
[1] 534
[1] "Bootstrap"
[1] "LEF outcome"
[1] "LEF both"
[1] "Sandwich"
[1] "All done"
[1] 535
[1] "Bootstrap"
[1] "LEF outcome"
[1] "LEF both"
[1] "Sandwich"
[1] "All done"
[1] 536
[1] "Bootstrap"
[1] "LEF outcome"
[1] "LEF both"
[1] "Sandwich"
[1] "All done"
[1] 537
[1] "Bootstrap"
[1] "LEF outcome"
[1] "LEF both"
[1] "Sandwich"
[1] "All done"
[1] 538
[1] "Bootstrap"
[1] "LEF outcome"
[1] "LEF both"
[1] "Sandwich"
[1] "All done"
[1] 539
[1] "Bootstrap"
[1] "LEF outcome"
[1] "LEF both"
[1] "Sandwich"
[1] "All done"
[1] 540
[1] "Bootstrap"
[1] "LEF outcome"
[1] "LEF both"
[1] "Sandwich"
[1] "All done"
[1] 541
[1] "Bootstrap"
[1] "LEF outcome"
[1] "LEF both"
[1] "Sandwich"
[1] "All done"
[1] 542
[1] "Bootstrap"
[1] "LEF outcome"
[1] "LEF both"
[1] "Sandwich"
[1] "All done"
[1] 543
[1] "Bootstrap"
[1] "LEF outcome"
[1] "LEF both"
[1] "Sandwich"
[1] "All done"
[1] 544
[1] "Bootstrap"
[1] "LEF outcome"
[1] "LEF both"
[1] "Sandwich"
[1] "All done"
[1] 545
[1] "Bootstrap"
[1] "LEF outcome"
[1] "LEF both"
[1] "Sandwich"
[1] "All done"
[1] 546
[1] "Bootstrap"
[1] "LEF outcome"
[1] "LEF both"
[1] "Sandwich"
[1] "All done"
[1] 547
[1] "Bootstrap"
[1] "LEF outcome"
[1] "LEF both"
[1] "Sandwich"
[1] "All done"
[1] 548
[1] "Bootstrap"
[1] "LEF outcome"
[1] "LEF both"
[1] "Sandwich"
[1] "All done"
[1] 549
[1] "Bootstrap"
[1] "LEF outcome"
[1] "LEF both"
[1] "Sandwich"
[1] "All done"
[1] 550
[1] "Bootstrap"
[1] "LEF outcome"
[1] "LEF both"
[1] "Sandwich"
[1] "All done"
[1] 551
[1] "Bootstrap"
[1] "LEF outcome"
[1] "LEF both"
[1] "Sandwich"
[1] "All done"
[1] 552
[1] "Bootstrap"
[1] "LEF outcome"
[1] "LEF both"
[1] "Sandwich"
[1] "All done"
[1] 553
[1] "Bootstrap"
[1] "LEF outcome"
[1] "LEF both"
[1] "Sandwich"
[1] "All done"
[1] 554
[1] "Bootstrap"
[1] "LEF outcome"
[1] "LEF both"
[1] "Sandwich"
[1] "All done"
[1] 555
[1] "Bootstrap"
[1] "LEF outcome"
[1] "LEF both"
[1] "Sandwich"
[1] "All done"
[1] 556
[1] "Bootstrap"
[1] "LEF outcome"
[1] "LEF both"
[1] "Sandwich"
[1] "All done"
[1] 557
[1] "Bootstrap"
[1] "LEF outcome"
[1] "LEF both"
[1] "Sandwich"
[1] "All done"
[1] 558
[1] "Bootstrap"
[1] "LEF outcome"
[1] "LEF both"
[1] "Sandwich"
[1] "All done"
[1] 559
[1] "Bootstrap"
[1] "LEF outcome"
[1] "LEF both"
[1] "Sandwich"
[1] "All done"
[1] 560
[1] "Bootstrap"
[1] "LEF outcome"
[1] "LEF both"
[1] "Sandwich"
[1] "All done"
[1] 561
[1] "Bootstrap"
[1] "LEF outcome"
[1] "LEF both"
[1] "Sandwich"
[1] "All done"
[1] 562
[1] "Bootstrap"
[1] "LEF outcome"
[1] "LEF both"
[1] "Sandwich"
[1] "All done"
[1] 563
[1] "Bootstrap"
[1] "LEF outcome"
[1] "LEF both"
[1] "Sandwich"
[1] "All done"
[1] 564
[1] "Bootstrap"
[1] "LEF outcome"
[1] "LEF both"
[1] "Sandwich"
[1] "All done"
[1] 565
[1] "Bootstrap"
[1] "LEF outcome"
[1] "LEF both"
[1] "Sandwich"
[1] "All done"
[1] 566
[1] "Bootstrap"
[1] "LEF outcome"
[1] "LEF both"
[1] "Sandwich"
[1] "All done"
[1] 567
[1] "Bootstrap"
[1] "LEF outcome"
[1] "LEF both"
[1] "Sandwich"
[1] "All done"
[1] 568
[1] "Bootstrap"
[1] "LEF outcome"
[1] "LEF both"
[1] "Sandwich"
[1] "All done"
[1] 569
[1] "Bootstrap"
[1] "LEF outcome"
[1] "LEF both"
[1] "Sandwich"
[1] "All done"
[1] 570
[1] "Bootstrap"
[1] "LEF outcome"
[1] "LEF both"
[1] "Sandwich"
[1] "All done"
[1] 571
[1] "Bootstrap"
[1] "LEF outcome"
[1] "LEF both"
[1] "Sandwich"
[1] "All done"
[1] 572
[1] "Bootstrap"
[1] "LEF outcome"
[1] "LEF both"
[1] "Sandwich"
[1] "All done"
[1] 573
[1] "Bootstrap"
[1] "LEF outcome"
[1] "LEF both"
[1] "Sandwich"
[1] "All done"
[1] 574
[1] "Bootstrap"
[1] "LEF outcome"
[1] "LEF both"
[1] "Sandwich"
[1] "All done"
[1] 575
[1] "Bootstrap"
[1] "LEF outcome"
[1] "LEF both"
[1] "Sandwich"
[1] "All done"
[1] 576
[1] "Bootstrap"
[1] "LEF outcome"
[1] "LEF both"
[1] "Sandwich"
[1] "All done"
[1] 577
[1] "Bootstrap"
[1] "LEF outcome"
[1] "LEF both"
[1] "Sandwich"
[1] "All done"
[1] 578
[1] "Bootstrap"
[1] "LEF outcome"
[1] "LEF both"
[1] "Sandwich"
[1] "All done"
[1] 579
[1] "Bootstrap"
[1] "LEF outcome"
[1] "LEF both"
[1] "Sandwich"
[1] "All done"
[1] 580
[1] "Bootstrap"
[1] "LEF outcome"
[1] "LEF both"
[1] "Sandwich"
[1] "All done"
[1] 581
[1] "Bootstrap"
[1] "LEF outcome"
[1] "LEF both"
[1] "Sandwich"
[1] "All done"
[1] 582
[1] "Bootstrap"
[1] "LEF outcome"
[1] "LEF both"
[1] "Sandwich"
[1] "All done"
[1] 583
[1] "Bootstrap"
[1] "LEF outcome"
[1] "LEF both"
[1] "Sandwich"
[1] "All done"
[1] 584
[1] "Bootstrap"
[1] "LEF outcome"
[1] "LEF both"
[1] "Sandwich"
[1] "All done"
[1] 585
[1] "Bootstrap"
[1] "LEF outcome"
[1] "LEF both"
[1] "Sandwich"
[1] "All done"
[1] 586
[1] "Bootstrap"
[1] "LEF outcome"
[1] "LEF both"
[1] "Sandwich"
[1] "All done"
[1] 587
[1] "Bootstrap"
[1] "LEF outcome"
[1] "LEF both"
[1] "Sandwich"
[1] "All done"
[1] 588
[1] "Bootstrap"
[1] "LEF outcome"
[1] "LEF both"
[1] "Sandwich"
[1] "All done"
[1] 589
[1] "Bootstrap"
[1] "LEF outcome"
[1] "LEF both"
[1] "Sandwich"
[1] "All done"
[1] 590
[1] "Bootstrap"
[1] "LEF outcome"
[1] "LEF both"
[1] "Sandwich"
[1] "All done"
[1] 591
[1] "Bootstrap"
[1] "LEF outcome"
[1] "LEF both"
[1] "Sandwich"
[1] "All done"
[1] 592
[1] "Bootstrap"
[1] "LEF outcome"
[1] "LEF both"
[1] "Sandwich"
[1] "All done"
[1] 593
[1] "Bootstrap"
[1] "LEF outcome"
[1] "LEF both"
[1] "Sandwich"
[1] "All done"
[1] 594
[1] "Bootstrap"
[1] "LEF outcome"
[1] "LEF both"
[1] "Sandwich"
[1] "All done"
[1] 595
[1] "Bootstrap"
[1] "LEF outcome"
[1] "LEF both"
[1] "Sandwich"
[1] "All done"
[1] 596
[1] "Bootstrap"
[1] "LEF outcome"
[1] "LEF both"
[1] "Sandwich"
[1] "All done"
[1] 597
[1] "Bootstrap"
[1] "LEF outcome"
[1] "LEF both"
[1] "Sandwich"
[1] "All done"
[1] 598
[1] "Bootstrap"
[1] "LEF outcome"
[1] "LEF both"
[1] "Sandwich"
[1] "All done"
[1] 599
[1] "Bootstrap"
[1] "LEF outcome"
[1] "LEF both"
[1] "Sandwich"
[1] "All done"
[1] 600
[1] "Bootstrap"
[1] "LEF outcome"
[1] "LEF both"
[1] "Sandwich"
[1] "All done"
[1] 601
[1] "Bootstrap"
[1] "LEF outcome"
[1] "LEF both"
[1] "Sandwich"
[1] "All done"
[1] 602
[1] "Bootstrap"
[1] "LEF outcome"
[1] "LEF both"
[1] "Sandwich"
[1] "All done"
[1] 603
[1] "Bootstrap"
[1] "LEF outcome"
[1] "LEF both"
[1] "Sandwich"
[1] "All done"
[1] 604
[1] "Bootstrap"
[1] "LEF outcome"
[1] "LEF both"
[1] "Sandwich"
[1] "All done"
[1] 605
[1] "Bootstrap"
[1] "LEF outcome"
[1] "LEF both"
[1] "Sandwich"
[1] "All done"
[1] 606
[1] "Bootstrap"
[1] "LEF outcome"
[1] "LEF both"
[1] "Sandwich"
[1] "All done"
[1] 607
[1] "Bootstrap"
[1] "LEF outcome"
[1] "LEF both"
[1] "Sandwich"
[1] "All done"
[1] 608
[1] "Bootstrap"
[1] "LEF outcome"
[1] "LEF both"
[1] "Sandwich"
[1] "All done"
[1] 609
[1] "Bootstrap"
[1] "LEF outcome"
[1] "LEF both"
[1] "Sandwich"
[1] "All done"
[1] 610
[1] "Bootstrap"
[1] "LEF outcome"
[1] "LEF both"
[1] "Sandwich"
[1] "All done"
[1] 611
[1] "Bootstrap"
[1] "LEF outcome"
[1] "LEF both"
[1] "Sandwich"
[1] "All done"
[1] 612
[1] "Bootstrap"
[1] "LEF outcome"
[1] "LEF both"
[1] "Sandwich"
[1] "All done"
[1] 613
[1] "Bootstrap"
[1] "LEF outcome"
[1] "LEF both"
[1] "Sandwich"
[1] "All done"
[1] 614
[1] "Bootstrap"
[1] "LEF outcome"
[1] "LEF both"
[1] "Sandwich"
[1] "All done"
[1] 615
[1] "Bootstrap"
[1] "LEF outcome"
[1] "LEF both"
[1] "Sandwich"
[1] "All done"
[1] 616
[1] "Bootstrap"
[1] "LEF outcome"
[1] "LEF both"
[1] "Sandwich"
[1] "All done"
[1] 617
[1] "Bootstrap"
[1] "LEF outcome"
[1] "LEF both"
[1] "Sandwich"
[1] "All done"
[1] 618
[1] "Bootstrap"
[1] "LEF outcome"
[1] "LEF both"
[1] "Sandwich"
[1] "All done"
[1] 619
[1] "Bootstrap"
[1] "LEF outcome"
[1] "LEF both"
[1] "Sandwich"
[1] "All done"
[1] 620
[1] "Bootstrap"
[1] "LEF outcome"
[1] "LEF both"
[1] "Sandwich"
[1] "All done"
[1] 621
[1] "Bootstrap"
[1] "LEF outcome"
[1] "LEF both"
[1] "Sandwich"
[1] "All done"
[1] 622
[1] "Bootstrap"
[1] "LEF outcome"
[1] "LEF both"
[1] "Sandwich"
[1] "All done"
[1] 623
[1] "Bootstrap"
[1] "LEF outcome"
[1] "LEF both"
[1] "Sandwich"
[1] "All done"
[1] 624
[1] "Bootstrap"
[1] "LEF outcome"
[1] "LEF both"
[1] "Sandwich"
[1] "All done"
[1] 625
[1] "Bootstrap"
[1] "LEF outcome"
[1] "LEF both"
[1] "Sandwich"
[1] "All done"
[1] 626
[1] "Bootstrap"
[1] "LEF outcome"
[1] "LEF both"
[1] "Sandwich"
[1] "All done"
[1] 627
[1] "Bootstrap"
[1] "LEF outcome"
[1] "LEF both"
[1] "Sandwich"
[1] "All done"
[1] 628
[1] "Bootstrap"
[1] "LEF outcome"
[1] "LEF both"
[1] "Sandwich"
[1] "All done"
[1] 629
[1] "Bootstrap"
[1] "LEF outcome"
[1] "LEF both"
[1] "Sandwich"
[1] "All done"
[1] 630
[1] "Bootstrap"
[1] "LEF outcome"
[1] "LEF both"
[1] "Sandwich"
[1] "All done"
[1] 631
[1] "Bootstrap"
[1] "LEF outcome"
[1] "LEF both"
[1] "Sandwich"
[1] "All done"
[1] 632
[1] "Bootstrap"
[1] "LEF outcome"
[1] "LEF both"
[1] "Sandwich"
[1] "All done"
[1] 633
[1] "Bootstrap"
[1] "LEF outcome"
[1] "LEF both"
[1] "Sandwich"
[1] "All done"
[1] 634
[1] "Bootstrap"
[1] "LEF outcome"
[1] "LEF both"
[1] "Sandwich"
[1] "All done"
[1] 635
[1] "Bootstrap"
[1] "LEF outcome"
[1] "LEF both"
[1] "Sandwich"
[1] "All done"
[1] 636
[1] "Bootstrap"
[1] "LEF outcome"
[1] "LEF both"
[1] "Sandwich"
[1] "All done"
[1] 637
[1] "Bootstrap"
[1] "LEF outcome"
[1] "LEF both"
[1] "Sandwich"
[1] "All done"
[1] 638
[1] "Bootstrap"
[1] "LEF outcome"
[1] "LEF both"
[1] "Sandwich"
[1] "All done"
[1] 639
[1] "Bootstrap"
[1] "LEF outcome"
[1] "LEF both"
[1] "Sandwich"
[1] "All done"
[1] 640
[1] "Bootstrap"
[1] "LEF outcome"
[1] "LEF both"
[1] "Sandwich"
[1] "All done"
[1] 641
[1] "Bootstrap"
[1] "LEF outcome"
[1] "LEF both"
[1] "Sandwich"
[1] "All done"
[1] 642
[1] "Bootstrap"
[1] "LEF outcome"
[1] "LEF both"
[1] "Sandwich"
[1] "All done"
[1] 643
[1] "Bootstrap"
[1] "LEF outcome"
[1] "LEF both"
[1] "Sandwich"
[1] "All done"
[1] 644
[1] "Bootstrap"
[1] "LEF outcome"
[1] "LEF both"
[1] "Sandwich"
[1] "All done"
[1] 645
[1] "Bootstrap"
[1] "LEF outcome"
[1] "LEF both"
[1] "Sandwich"
[1] "All done"
[1] 646
[1] "Bootstrap"
[1] "LEF outcome"
[1] "LEF both"
[1] "Sandwich"
[1] "All done"
[1] 647
[1] "Bootstrap"
[1] "LEF outcome"
[1] "LEF both"
[1] "Sandwich"
[1] "All done"
[1] 648
[1] "Bootstrap"
[1] "LEF outcome"
[1] "LEF both"
[1] "Sandwich"
[1] "All done"
[1] 649
[1] "Bootstrap"
[1] "LEF outcome"
[1] "LEF both"
[1] "Sandwich"
[1] "All done"
[1] 650
[1] "Bootstrap"
[1] "LEF outcome"
[1] "LEF both"
[1] "Sandwich"
[1] "All done"
[1] 651
[1] "Bootstrap"
[1] "LEF outcome"
[1] "LEF both"
[1] "Sandwich"
[1] "All done"
[1] 652
[1] "Bootstrap"
[1] "LEF outcome"
[1] "LEF both"
[1] "Sandwich"
[1] "All done"
[1] 653
[1] "Bootstrap"
[1] "LEF outcome"
[1] "LEF both"
[1] "Sandwich"
[1] "All done"
[1] 654
[1] "Bootstrap"
[1] "LEF outcome"
[1] "LEF both"
[1] "Sandwich"
[1] "All done"
[1] 655
[1] "Bootstrap"
[1] "LEF outcome"
[1] "LEF both"
[1] "Sandwich"
[1] "All done"
[1] 656
[1] "Bootstrap"
[1] "LEF outcome"
[1] "LEF both"
[1] "Sandwich"
[1] "All done"
[1] 657
[1] "Bootstrap"
[1] "LEF outcome"
[1] "LEF both"
[1] "Sandwich"
[1] "All done"
[1] 658
[1] "Bootstrap"
[1] "LEF outcome"
[1] "LEF both"
[1] "Sandwich"
[1] "All done"
[1] 659
[1] "Bootstrap"
[1] "LEF outcome"
[1] "LEF both"
[1] "Sandwich"
[1] "All done"
[1] 660
[1] "Bootstrap"
[1] "LEF outcome"
[1] "LEF both"
[1] "Sandwich"
[1] "All done"
[1] 661
[1] "Bootstrap"
[1] "LEF outcome"
[1] "LEF both"
[1] "Sandwich"
[1] "All done"
[1] 662
[1] "Bootstrap"
[1] "LEF outcome"
[1] "LEF both"
[1] "Sandwich"
[1] "All done"
[1] 663
[1] "Bootstrap"
[1] "LEF outcome"
[1] "LEF both"
[1] "Sandwich"
[1] "All done"
[1] 664
[1] "Bootstrap"
[1] "LEF outcome"
[1] "LEF both"
[1] "Sandwich"
[1] "All done"
[1] 665
[1] "Bootstrap"
[1] "LEF outcome"
[1] "LEF both"
[1] "Sandwich"
[1] "All done"
[1] 666
[1] "Bootstrap"
[1] "LEF outcome"
[1] "LEF both"
[1] "Sandwich"
[1] "All done"
[1] 667
[1] "Bootstrap"
[1] "LEF outcome"
[1] "LEF both"
[1] "Sandwich"
[1] "All done"
[1] 668
[1] "Bootstrap"
[1] "LEF outcome"
[1] "LEF both"
[1] "Sandwich"
[1] "All done"
[1] 669
[1] "Bootstrap"
[1] "LEF outcome"
[1] "LEF both"
[1] "Sandwich"
[1] "All done"
[1] 670
[1] "Bootstrap"
[1] "LEF outcome"
[1] "LEF both"
[1] "Sandwich"
[1] "All done"
[1] 671
[1] "Bootstrap"
[1] "LEF outcome"
[1] "LEF both"
[1] "Sandwich"
[1] "All done"
[1] 672
[1] "Bootstrap"
[1] "LEF outcome"
[1] "LEF both"
[1] "Sandwich"
[1] "All done"
[1] 673
[1] "Bootstrap"
[1] "LEF outcome"
[1] "LEF both"
[1] "Sandwich"
[1] "All done"
[1] 674
[1] "Bootstrap"
[1] "LEF outcome"
[1] "LEF both"
[1] "Sandwich"
[1] "All done"
[1] 675
[1] "Bootstrap"
[1] "LEF outcome"
[1] "LEF both"
[1] "Sandwich"
[1] "All done"
[1] 676
[1] "Bootstrap"
[1] "LEF outcome"
[1] "LEF both"
[1] "Sandwich"
[1] "All done"
[1] 677
[1] "Bootstrap"
[1] "LEF outcome"
[1] "LEF both"
[1] "Sandwich"
[1] "All done"
[1] 678
[1] "Bootstrap"
[1] "LEF outcome"
[1] "LEF both"
[1] "Sandwich"
[1] "All done"
[1] 679
[1] "Bootstrap"
[1] "LEF outcome"
[1] "LEF both"
[1] "Sandwich"
[1] "All done"
[1] 680
[1] "Bootstrap"
[1] "LEF outcome"
[1] "LEF both"
[1] "Sandwich"
[1] "All done"
[1] 681
[1] "Bootstrap"
[1] "LEF outcome"
[1] "LEF both"
[1] "Sandwich"
[1] "All done"
[1] 682
[1] "Bootstrap"
[1] "LEF outcome"
[1] "LEF both"
[1] "Sandwich"
[1] "All done"
[1] 683
[1] "Bootstrap"
[1] "LEF outcome"
[1] "LEF both"
[1] "Sandwich"
[1] "All done"
[1] 684
[1] "Bootstrap"
[1] "LEF outcome"
[1] "LEF both"
[1] "Sandwich"
[1] "All done"
[1] 685
[1] "Bootstrap"
[1] "LEF outcome"
[1] "LEF both"
[1] "Sandwich"
[1] "All done"
[1] 686
[1] "Bootstrap"
[1] "LEF outcome"
[1] "LEF both"
[1] "Sandwich"
[1] "All done"
[1] 687
[1] "Bootstrap"
[1] "LEF outcome"
[1] "LEF both"
[1] "Sandwich"
[1] "All done"
[1] 688
[1] "Bootstrap"
[1] "LEF outcome"
[1] "LEF both"
[1] "Sandwich"
[1] "All done"
[1] 689
[1] "Bootstrap"
[1] "LEF outcome"
[1] "LEF both"
[1] "Sandwich"
[1] "All done"
[1] 690
[1] "Bootstrap"
[1] "LEF outcome"
[1] "LEF both"
[1] "Sandwich"
[1] "All done"
[1] 691
[1] "Bootstrap"
[1] "LEF outcome"
[1] "LEF both"
[1] "Sandwich"
[1] "All done"
[1] 692
[1] "Bootstrap"
[1] "LEF outcome"
[1] "LEF both"
[1] "Sandwich"
[1] "All done"
[1] 693
[1] "Bootstrap"
[1] "LEF outcome"
[1] "LEF both"
[1] "Sandwich"
[1] "All done"
[1] 694
[1] "Bootstrap"
[1] "LEF outcome"
[1] "LEF both"
[1] "Sandwich"
[1] "All done"
[1] 695
[1] "Bootstrap"
[1] "LEF outcome"
[1] "LEF both"
[1] "Sandwich"
[1] "All done"
[1] 696
[1] "Bootstrap"
[1] "LEF outcome"
[1] "LEF both"
[1] "Sandwich"
[1] "All done"
[1] 697
[1] "Bootstrap"
[1] "LEF outcome"
[1] "LEF both"
[1] "Sandwich"
[1] "All done"
[1] 698
[1] "Bootstrap"
[1] "LEF outcome"
[1] "LEF both"
[1] "Sandwich"
[1] "All done"
[1] 699
[1] "Bootstrap"
[1] "LEF outcome"
[1] "LEF both"
[1] "Sandwich"
[1] "All done"
[1] 700
[1] "Bootstrap"
[1] "LEF outcome"
[1] "LEF both"
[1] "Sandwich"
[1] "All done"
[1] 701
[1] "Bootstrap"
[1] "LEF outcome"
[1] "LEF both"
[1] "Sandwich"
[1] "All done"
[1] 702
[1] "Bootstrap"
[1] "LEF outcome"
[1] "LEF both"
[1] "Sandwich"
[1] "All done"
[1] 703
[1] "Bootstrap"
[1] "LEF outcome"
[1] "LEF both"
[1] "Sandwich"
[1] "All done"
[1] 704
[1] "Bootstrap"
[1] "LEF outcome"
[1] "LEF both"
[1] "Sandwich"
[1] "All done"
[1] 705
[1] "Bootstrap"
[1] "LEF outcome"
[1] "LEF both"
[1] "Sandwich"
[1] "All done"
[1] 706
[1] "Bootstrap"
[1] "LEF outcome"
[1] "LEF both"
[1] "Sandwich"
[1] "All done"
[1] 707
[1] "Bootstrap"
[1] "LEF outcome"
[1] "LEF both"
[1] "Sandwich"
[1] 708
[1] "Bootstrap"
[1] "LEF outcome"
[1] "LEF both"
[1] "Sandwich"
[1] "All done"
[1] 709
[1] "Bootstrap"
[1] "LEF outcome"
[1] "LEF both"
[1] "Sandwich"
[1] "All done"
[1] 710
[1] "Bootstrap"
[1] "LEF outcome"
[1] "LEF both"
[1] "Sandwich"
[1] "All done"
[1] 711
[1] "Bootstrap"
[1] "LEF outcome"
[1] "LEF both"
[1] "Sandwich"
[1] "All done"
[1] 712
[1] "Bootstrap"
[1] "LEF outcome"
[1] "LEF both"
[1] "Sandwich"
[1] "All done"
[1] 713
[1] "Bootstrap"
[1] "LEF outcome"
[1] "LEF both"
[1] "Sandwich"
[1] "All done"
[1] 714
[1] "Bootstrap"
[1] "LEF outcome"
[1] "LEF both"
[1] "Sandwich"
[1] "All done"
[1] 715
[1] "Bootstrap"
[1] "LEF outcome"
[1] "LEF both"
[1] "Sandwich"
[1] "All done"
[1] 716
[1] "Bootstrap"
[1] "LEF outcome"
[1] "LEF both"
[1] "Sandwich"
[1] "All done"
[1] 717
[1] "Bootstrap"
[1] "LEF outcome"
[1] "LEF both"
[1] "Sandwich"
[1] "All done"
[1] 718
[1] "Bootstrap"
[1] "LEF outcome"
[1] "LEF both"
[1] "Sandwich"
[1] "All done"
[1] 719
[1] "Bootstrap"
[1] "LEF outcome"
[1] "LEF both"
[1] "Sandwich"
[1] "All done"
[1] 720
[1] "Bootstrap"
[1] "LEF outcome"
[1] "LEF both"
[1] "Sandwich"
[1] "All done"
[1] 721
[1] "Bootstrap"
[1] "LEF outcome"
[1] "LEF both"
[1] "Sandwich"
[1] "All done"
[1] 722
[1] "Bootstrap"
[1] "LEF outcome"
[1] "LEF both"
[1] "Sandwich"
[1] "All done"
[1] 723
[1] "Bootstrap"
[1] "LEF outcome"
[1] "LEF both"
[1] "Sandwich"
[1] "All done"
[1] 724
[1] "Bootstrap"
[1] "LEF outcome"
[1] "LEF both"
[1] "Sandwich"
[1] "All done"
[1] 725
[1] "Bootstrap"
[1] "LEF outcome"
[1] "LEF both"
[1] "Sandwich"
[1] "All done"
[1] 726
[1] "Bootstrap"
[1] "LEF outcome"
[1] "LEF both"
[1] "Sandwich"
[1] "All done"
[1] 727
[1] "Bootstrap"
[1] "LEF outcome"
[1] "LEF both"
[1] "Sandwich"
[1] "All done"
[1] 728
[1] "Bootstrap"
[1] "LEF outcome"
[1] "LEF both"
[1] "Sandwich"
[1] "All done"
[1] 729
[1] "Bootstrap"
[1] "LEF outcome"
[1] "LEF both"
[1] "Sandwich"
[1] "All done"
[1] 730
[1] "Bootstrap"
[1] "LEF outcome"
[1] "LEF both"
[1] "Sandwich"
[1] "All done"
[1] 731
[1] "Bootstrap"
[1] "LEF outcome"
[1] "LEF both"
[1] "Sandwich"
[1] "All done"
[1] 732
[1] "Bootstrap"
[1] "LEF outcome"
[1] "LEF both"
[1] "Sandwich"
[1] "All done"
[1] 733
[1] "Bootstrap"
[1] "LEF outcome"
[1] "LEF both"
[1] "Sandwich"
[1] "All done"
[1] 734
[1] "Bootstrap"
[1] "LEF outcome"
[1] "LEF both"
[1] "Sandwich"
[1] "All done"
[1] 735
[1] "Bootstrap"
[1] "LEF outcome"
[1] "LEF both"
[1] "Sandwich"
[1] "All done"
[1] 736
[1] "Bootstrap"
[1] "LEF outcome"
[1] "LEF both"
[1] "Sandwich"
[1] "All done"
[1] 737
[1] "Bootstrap"
[1] "LEF outcome"
[1] "LEF both"
[1] "Sandwich"
[1] "All done"
[1] 738
[1] "Bootstrap"
[1] "LEF outcome"
[1] "LEF both"
[1] "Sandwich"
[1] "All done"
[1] 739
[1] "Bootstrap"
[1] "LEF outcome"
[1] "LEF both"
[1] "Sandwich"
[1] "All done"
[1] 740
[1] "Bootstrap"
[1] "LEF outcome"
[1] "LEF both"
[1] "Sandwich"
[1] "All done"
[1] 741
[1] "Bootstrap"
[1] "LEF outcome"
[1] "LEF both"
[1] "Sandwich"
[1] "All done"
[1] 742
[1] "Bootstrap"
[1] "LEF outcome"
[1] "LEF both"
[1] "Sandwich"
[1] "All done"
[1] 743
[1] "Bootstrap"
[1] "LEF outcome"
[1] "LEF both"
[1] "Sandwich"
[1] "All done"
[1] 744
[1] "Bootstrap"
[1] "LEF outcome"
[1] "LEF both"
[1] "Sandwich"
[1] "All done"
[1] 745
[1] "Bootstrap"
[1] "LEF outcome"
[1] "LEF both"
[1] "Sandwich"
[1] "All done"
[1] 746
[1] "Bootstrap"
[1] "LEF outcome"
[1] "LEF both"
[1] "Sandwich"
[1] "All done"
[1] 747
[1] "Bootstrap"
[1] "LEF outcome"
[1] "LEF both"
[1] "Sandwich"
[1] "All done"
[1] 748
[1] "Bootstrap"
[1] "LEF outcome"
[1] "LEF both"
[1] "Sandwich"
[1] "All done"
[1] 749
[1] "Bootstrap"
[1] "LEF outcome"
[1] "LEF both"
[1] "Sandwich"
[1] "All done"
[1] 750
[1] "Bootstrap"
[1] "LEF outcome"
[1] "LEF both"
[1] "Sandwich"
[1] "All done"
[1] 751
[1] "Bootstrap"
[1] "LEF outcome"
[1] "LEF both"
[1] "Sandwich"
[1] "All done"
[1] 752
[1] "Bootstrap"
[1] "LEF outcome"
[1] "LEF both"
[1] "Sandwich"
[1] "All done"
[1] 753
[1] "Bootstrap"
[1] "LEF outcome"
[1] "LEF both"
[1] "Sandwich"
[1] "All done"
[1] 754
[1] "Bootstrap"
[1] "LEF outcome"
[1] "LEF both"
[1] "Sandwich"
[1] "All done"
[1] 755
[1] "Bootstrap"
[1] "LEF outcome"
[1] "LEF both"
[1] "Sandwich"
[1] "All done"
[1] 756
[1] "Bootstrap"
[1] "LEF outcome"
[1] "LEF both"
[1] "Sandwich"
[1] "All done"
[1] 757
[1] "Bootstrap"
[1] "LEF outcome"
[1] "LEF both"
[1] "Sandwich"
[1] "All done"
[1] 758
[1] "Bootstrap"
[1] "LEF outcome"
[1] "LEF both"
[1] "Sandwich"
[1] "All done"
[1] 759
[1] "Bootstrap"
[1] "LEF outcome"
[1] "LEF both"
[1] "Sandwich"
[1] "All done"
[1] 760
[1] "Bootstrap"
[1] "LEF outcome"
[1] "LEF both"
[1] "Sandwich"
[1] "All done"
[1] 761
[1] "Bootstrap"
[1] "LEF outcome"
[1] "LEF both"
[1] "Sandwich"
[1] "All done"
[1] 762
[1] "Bootstrap"
[1] "LEF outcome"
[1] "LEF both"
[1] "Sandwich"
[1] "All done"
[1] 763
[1] "Bootstrap"
[1] "LEF outcome"
[1] "LEF both"
[1] "Sandwich"
[1] "All done"
[1] 764
[1] "Bootstrap"
[1] "LEF outcome"
[1] "LEF both"
[1] "Sandwich"
[1] "All done"
[1] 765
[1] "Bootstrap"
[1] "LEF outcome"
[1] "LEF both"
[1] "Sandwich"
[1] "All done"
[1] 766
[1] "Bootstrap"
[1] "LEF outcome"
[1] "LEF both"
[1] "Sandwich"
[1] "All done"
[1] 767
[1] "Bootstrap"
[1] "LEF outcome"
[1] "LEF both"
[1] "Sandwich"
[1] "All done"
[1] 768
[1] "Bootstrap"
[1] "LEF outcome"
[1] "LEF both"
[1] "Sandwich"
[1] "All done"
[1] 769
[1] "Bootstrap"
[1] "LEF outcome"
[1] "LEF both"
[1] "Sandwich"
[1] "All done"
[1] 770
[1] "Bootstrap"
[1] "LEF outcome"
[1] "LEF both"
[1] "Sandwich"
[1] "All done"
[1] 771
[1] "Bootstrap"
[1] "LEF outcome"
[1] "LEF both"
[1] "Sandwich"
[1] "All done"
[1] 772
[1] "Bootstrap"
[1] "LEF outcome"
[1] "LEF both"
[1] "Sandwich"
[1] "All done"
[1] 773
[1] "Bootstrap"
[1] "LEF outcome"
[1] "LEF both"
[1] "Sandwich"
[1] "All done"
[1] 774
[1] "Bootstrap"
[1] "LEF outcome"
[1] "LEF both"
[1] "Sandwich"
[1] "All done"
[1] 775
[1] "Bootstrap"
[1] "LEF outcome"
[1] "LEF both"
[1] "Sandwich"
[1] "All done"
[1] 776
[1] "Bootstrap"
[1] "LEF outcome"
[1] "LEF both"
[1] "Sandwich"
[1] "All done"
[1] 777
[1] "Bootstrap"
[1] "LEF outcome"
[1] "LEF both"
[1] "Sandwich"
[1] "All done"
[1] 778
[1] "Bootstrap"
[1] "LEF outcome"
[1] "LEF both"
[1] "Sandwich"
[1] "All done"
[1] 779
[1] "Bootstrap"
[1] "LEF outcome"
[1] "LEF both"
[1] "Sandwich"
[1] "All done"
[1] 780
[1] "Bootstrap"
[1] "LEF outcome"
[1] "LEF both"
[1] "Sandwich"
[1] "All done"
[1] 781
[1] "Bootstrap"
[1] "LEF outcome"
[1] "LEF both"
[1] "Sandwich"
[1] "All done"
[1] 782
[1] "Bootstrap"
[1] "LEF outcome"
[1] "LEF both"
[1] "Sandwich"
[1] "All done"
[1] 783
[1] "Bootstrap"
[1] "LEF outcome"
[1] "LEF both"
[1] "Sandwich"
[1] "All done"
[1] 784
[1] "Bootstrap"
[1] "LEF outcome"
[1] "LEF both"
[1] "Sandwich"
[1] "All done"
[1] 785
[1] "Bootstrap"
[1] "LEF outcome"
[1] "LEF both"
[1] "Sandwich"
[1] "All done"
[1] 786
[1] "Bootstrap"
[1] "LEF outcome"
[1] "LEF both"
[1] "Sandwich"
[1] "All done"
[1] 787
[1] "Bootstrap"
[1] "LEF outcome"
[1] "LEF both"
[1] "Sandwich"
[1] "All done"
[1] 788
[1] "Bootstrap"
[1] "LEF outcome"
[1] "LEF both"
[1] "Sandwich"
[1] "All done"
[1] 789
[1] "Bootstrap"
[1] "LEF outcome"
[1] "LEF both"
[1] "Sandwich"
[1] "All done"
[1] 790
[1] "Bootstrap"
[1] "LEF outcome"
[1] "LEF both"
[1] "Sandwich"
[1] "All done"
[1] 791
[1] "Bootstrap"
[1] "LEF outcome"
[1] "LEF both"
[1] "Sandwich"
[1] "All done"
[1] 792
[1] "Bootstrap"
[1] "LEF outcome"
[1] "LEF both"
[1] "Sandwich"
[1] "All done"
[1] 793
[1] "Bootstrap"
[1] "LEF outcome"
[1] "LEF both"
[1] "Sandwich"
[1] "All done"
[1] 794
[1] "Bootstrap"
[1] "LEF outcome"
[1] "LEF both"
[1] "Sandwich"
[1] "All done"
[1] 795
[1] "Bootstrap"
[1] "LEF outcome"
[1] "LEF both"
[1] "Sandwich"
[1] "All done"
[1] 796
[1] "Bootstrap"
[1] "LEF outcome"
[1] "LEF both"
[1] "Sandwich"
[1] "All done"
[1] 797
[1] "Bootstrap"
[1] "LEF outcome"
[1] "LEF both"
[1] "Sandwich"
[1] "All done"
[1] 798
[1] "Bootstrap"
[1] "LEF outcome"
[1] "LEF both"
[1] "Sandwich"
[1] "All done"
[1] 799
[1] "Bootstrap"
[1] "LEF outcome"
[1] "LEF both"
[1] "Sandwich"
[1] "All done"
[1] 800
[1] "Bootstrap"
[1] "LEF outcome"
[1] "LEF both"
[1] "Sandwich"
[1] "All done"
[1] 801
[1] "Bootstrap"
[1] "LEF outcome"
[1] "LEF both"
[1] "Sandwich"
[1] "All done"
[1] 802
[1] "Bootstrap"
[1] "LEF outcome"
[1] "LEF both"
[1] "Sandwich"
[1] "All done"
[1] 803
[1] "Bootstrap"
[1] "LEF outcome"
[1] "LEF both"
[1] "Sandwich"
[1] "All done"
[1] 804
[1] "Bootstrap"
[1] "LEF outcome"
[1] "LEF both"
[1] "Sandwich"
[1] "All done"
[1] 805
[1] "Bootstrap"
[1] "LEF outcome"
[1] "LEF both"
[1] "Sandwich"
[1] "All done"
[1] 806
[1] "Bootstrap"
[1] "LEF outcome"
[1] "LEF both"
[1] "Sandwich"
[1] "All done"
[1] 807
[1] "Bootstrap"
[1] "LEF outcome"
[1] "LEF both"
[1] "Sandwich"
[1] "All done"
[1] 808
[1] "Bootstrap"
[1] "LEF outcome"
[1] "LEF both"
[1] "Sandwich"
[1] "All done"
[1] 809
[1] "Bootstrap"
[1] "LEF outcome"
[1] "LEF both"
[1] "Sandwich"
[1] "All done"
[1] 810
[1] "Bootstrap"
[1] "LEF outcome"
[1] "LEF both"
[1] "Sandwich"
[1] "All done"
[1] 811
[1] "Bootstrap"
[1] "LEF outcome"
[1] "LEF both"
[1] "Sandwich"
[1] "All done"
[1] 812
[1] "Bootstrap"
[1] "LEF outcome"
[1] "LEF both"
[1] "Sandwich"
[1] "All done"
[1] 813
[1] "Bootstrap"
[1] "LEF outcome"
[1] "LEF both"
[1] "Sandwich"
[1] "All done"
[1] 814
[1] "Bootstrap"
[1] "LEF outcome"
[1] "LEF both"
[1] "Sandwich"
[1] "All done"
[1] 815
[1] "Bootstrap"
[1] "LEF outcome"
[1] "LEF both"
[1] "Sandwich"
[1] "All done"
[1] 816
[1] "Bootstrap"
[1] "LEF outcome"
[1] "LEF both"
[1] "Sandwich"
[1] "All done"
[1] 817
[1] "Bootstrap"
[1] "LEF outcome"
[1] "LEF both"
[1] "Sandwich"
[1] "All done"
[1] 818
[1] "Bootstrap"
[1] "LEF outcome"
[1] "LEF both"
[1] "Sandwich"
[1] "All done"
[1] 819
[1] "Bootstrap"
[1] "LEF outcome"
[1] "LEF both"
[1] "Sandwich"
[1] "All done"
[1] 820
[1] "Bootstrap"
[1] "LEF outcome"
[1] "LEF both"
[1] "Sandwich"
[1] "All done"
[1] 821
[1] "Bootstrap"
[1] "LEF outcome"
[1] "LEF both"
[1] "Sandwich"
[1] "All done"
[1] 822
[1] "Bootstrap"
[1] "LEF outcome"
[1] "LEF both"
[1] "Sandwich"
[1] "All done"
[1] 823
[1] "Bootstrap"
[1] "LEF outcome"
[1] "LEF both"
[1] "Sandwich"
[1] "All done"
[1] 824
[1] "Bootstrap"
[1] "LEF outcome"
[1] "LEF both"
[1] "Sandwich"
[1] "All done"
[1] 825
[1] "Bootstrap"
[1] "LEF outcome"
[1] "LEF both"
[1] "Sandwich"
[1] "All done"
[1] 826
[1] "Bootstrap"
[1] "LEF outcome"
[1] "LEF both"
[1] "Sandwich"
[1] "All done"
[1] 827
[1] "Bootstrap"
[1] "LEF outcome"
[1] "LEF both"
[1] "Sandwich"
[1] "All done"
[1] 828
[1] "Bootstrap"
[1] "LEF outcome"
[1] "LEF both"
[1] "Sandwich"
[1] "All done"
[1] 829
[1] "Bootstrap"
[1] "LEF outcome"
[1] "LEF both"
[1] "Sandwich"
[1] "All done"
[1] 830
[1] "Bootstrap"
[1] "LEF outcome"
[1] "LEF both"
[1] "Sandwich"
[1] "All done"
[1] 831
[1] "Bootstrap"
[1] "LEF outcome"
[1] "LEF both"
[1] "Sandwich"
[1] "All done"
[1] 832
[1] "Bootstrap"
[1] "LEF outcome"
[1] "LEF both"
[1] "Sandwich"
[1] "All done"
[1] 833
[1] "Bootstrap"
[1] "LEF outcome"
[1] "LEF both"
[1] "Sandwich"
[1] "All done"
[1] 834
[1] "Bootstrap"
[1] "LEF outcome"
slurmstepd: error: *** JOB 6018871 ON cpu-q-156 CANCELLED AT 2025-03-04T01:32:06 DUE TO TIME LIMIT ***
